Started at Thu Jan  4 17:36:08 CET 2024
Running job: Train_freq array id: 0 using 16 cpus per node with given JID 2201528 on queue single
Disable distributed.
2024-01-04 17:36:22,001 INFO: 
                ____                _       _____  ____
               / __ ) ____ _ _____ (_)_____/ ___/ / __ \
              / __  |/ __ `// ___// // ___/\__ \ / /_/ /
             / /_/ // /_/ /(__  )/ // /__ ___/ // _, _/
            /_____/ \__,_//____//_/ \___//____//_/ |_|
     ______                   __   __                 __      __
    / ____/____   ____   ____/ /  / /   __  __ _____ / /__   / /
   / / __ / __ \ / __ \ / __  /  / /   / / / // ___// //_/  / /
  / /_/ // /_/ // /_/ // /_/ /  / /___/ /_/ // /__ / /<    /_/
  \____/ \____/ \____/ \____/  /_____/\____/ \___//_/|_|  (_)
    
Version Information: 
	BasicSR: 1.2.0+f692456
	PyTorch: 1.13.1+cu117
	TorchVision: 0.14.1
2024-01-04 17:36:22,001 INFO: 
  name: Deblurring_Restormer_flc_pooling_low_freq_True_concat_alpha_learned_with_blur_without_drop_alpha_Adversarial_training_False_pixel_shuffle_zero_padding_upsampling_FreqAvgUp
  model_type: ImageCleanModel
  scale: 1
  num_gpu: 1
  manual_seed: 100
  datasets:[
    train:[
      name: TrainSet
      type: Dataset_PairedImage
      dataroot_gt: ./Motion_Deblurring/Datasets/train/GoPro/target_crops
      dataroot_lq: ./Motion_Deblurring/Datasets/train/GoPro/input_crops
      geometric_augs: True
      filename_tmpl: {}
      io_backend:[
        type: disk
      ]
      use_shuffle: True
      num_worker_per_gpu: 8
      batch_size_per_gpu: 8
      mini_batch_sizes: [8, 5, 4, 1, 1, 1]
      iters: [92000, 64000, 48000, 36000, 36000, 24000]
      gt_size: 384
      gt_sizes: [128, 160, 192, 256, 320, 384]
      dataset_enlarge_ratio: 1
      prefetch_mode: None
      phase: train
      scale: 1
    ]
    val:[
      name: ValSet
      type: Dataset_PairedImage
      dataroot_gt: ./Motion_Deblurring/Datasets/val/GoPro/target_crops
      dataroot_lq: ./Motion_Deblurring/Datasets/val/GoPro/input_crops
      io_backend:[
        type: disk
      ]
      phase: val
      scale: 1
    ]
  ]
  network_g:[
    type: Restormer
    inp_channels: 3
    out_channels: 3
    dim: 48
    num_blocks: [4, 6, 6, 8]
    num_refinement_blocks: 4
    heads: [1, 2, 4, 8]
    ffn_expansion_factor: 2.66
    bias: False
    LayerNorm_type: WithBias
    dual_pixel_task: False
    flc_pooling: True
    use_conv: False
    use_alpha: True
    learn_alpha: True
    drop_alpha: False
    first_drop_alpha: False
    test_wo_drop_alpha: False
    use_blur: True
    kernel_size: 0
    para_kernel_size: 0
    padding: constant
    upsampling_method: FreqAvgUp
  ]
  path:[
    pretrain_network_g: None
    strict_load_g: False
    resume_state: None
    root: /gpfs/bwfor/work/ws/ma_sagnihot-projects/freq-restormer
    experiments_root: /gpfs/bwfor/work/ws/ma_sagnihot-projects/freq-restormer/experiments/Deblurring_Restormer_flc_pooling_low_freq_True_concat_alpha_learned_with_blur_without_drop_alpha_Adversarial_training_False_pixel_shuffle_zero_padding_upsampling_FreqAvgUp
    models: /gpfs/bwfor/work/ws/ma_sagnihot-projects/freq-restormer/experiments/Deblurring_Restormer_flc_pooling_low_freq_True_concat_alpha_learned_with_blur_without_drop_alpha_Adversarial_training_False_pixel_shuffle_zero_padding_upsampling_FreqAvgUp/models
    training_states: /gpfs/bwfor/work/ws/ma_sagnihot-projects/freq-restormer/experiments/Deblurring_Restormer_flc_pooling_low_freq_True_concat_alpha_learned_with_blur_without_drop_alpha_Adversarial_training_False_pixel_shuffle_zero_padding_upsampling_FreqAvgUp/training_states
    log: /gpfs/bwfor/work/ws/ma_sagnihot-projects/freq-restormer/experiments/Deblurring_Restormer_flc_pooling_low_freq_True_concat_alpha_learned_with_blur_without_drop_alpha_Adversarial_training_False_pixel_shuffle_zero_padding_upsampling_FreqAvgUp
    visualization: /gpfs/bwfor/work/ws/ma_sagnihot-projects/freq-restormer/experiments/Deblurring_Restormer_flc_pooling_low_freq_True_concat_alpha_learned_with_blur_without_drop_alpha_Adversarial_training_False_pixel_shuffle_zero_padding_upsampling_FreqAvgUp/visualization
  ]
  train:[
    total_iter: 300000
    warmup_iter: -1
    use_grad_clip: True
    adversarial: False
    scheduler:[
      type: CosineAnnealingRestartCyclicLR
      periods: [92000, 208000]
      restart_weights: [1, 1]
      eta_mins: [0.0003, 1e-06]
    ]
    mixing_augs:[
      mixup: False
      mixup_beta: 1.2
      use_identity: True
    ]
    optim_g:[
      type: AdamW
      lr: 0.0003
      weight_decay: 0.0001
      betas: [0.9, 0.999]
    ]
    pixel_opt:[
      type: MSELoss
      loss_weight: 1
      reduction: mean
    ]
  ]
  val:[
    window_size: 8
    val_freq: 4000.0
    save_img: False
    rgb2bgr: True
    use_image: True
    max_minibatch: 8
    metrics:[
      psnr:[
        type: calculate_psnr
        crop_border: 0
        test_y_channel: False
      ]
    ]
  ]
  logger:[
    print_freq: 1000
    save_checkpoint_freq: 4000.0
    use_tb_logger: True
    wandb:[
      project: None
      resume_id: None
    ]
  ]
  dist_params:[
    backend: nccl
    port: 29500
  ]
  attack:[
    method: fgsm
    alpha: 0.03
    epsilon: 0.03
    iterations: 1
    targeted: False
    adv_attack: False
  ]
  is_train: True
  dist: False
  rank: 0
  world_size: 1

2024-01-04 17:36:25,051 INFO: Dataset Dataset_PairedImage - TrainSet is created.
2024-01-04 17:36:25,052 INFO: Training statistics:
	Number of train images: 16824
	Dataset enlarge ratio: 1
	Batch size per gpu: 8
	World size (gpu number): 1
	Require iter number per epoch: 2103
	Total epochs: 143; iters: 300000.
2024-01-04 17:36:25,095 INFO: Dataset Dataset_PairedImage - ValSet is created.
2024-01-04 17:36:25,095 INFO: Number of val images/folders in ValSet: 1111
2024-01-04 17:36:27,248 INFO: Network: Restormer, with parameters: 26,126,650
2024-01-04 17:36:27,248 INFO: Restormer(
  (patch_embed): OverlapPatchEmbed(
    (proj): Conv2d(3, 48, kernel_size=(3, 3), stride=(1, 1), padding=(1, 1), bias=False)
  )
  (encoder_level1): Sequential(
    (0): TransformerBlock(
      (norm1): LayerNorm(
        (body): WithBias_LayerNorm()
      )
      (attn): Attention(
        (qkv): Conv2d(48, 144, kernel_size=(1, 1), stride=(1, 1), bias=False)
        (qkv_dwconv): Conv2d(144, 144, kernel_size=(3, 3), stride=(1, 1), padding=(1, 1), groups=144, bias=False)
        (project_out): Conv2d(48, 48, kernel_size=(1, 1), stride=(1, 1), bias=False)
      )
      (norm2): LayerNorm(
        (body): WithBias_LayerNorm()
      )
      (ffn): FeedForward(
        (project_in): Conv2d(48, 254, kernel_size=(1, 1), stride=(1, 1), bias=False)
        (dwconv): Conv2d(254, 254, kernel_size=(3, 3), stride=(1, 1), padding=(1, 1), groups=254, bias=False)
        (project_out): Conv2d(127, 48, kernel_size=(1, 1), stride=(1, 1), bias=False)
      )
    )
    (1): TransformerBlock(
      (norm1): LayerNorm(
        (body): WithBias_LayerNorm()
      )
      (attn): Attention(
        (qkv): Conv2d(48, 144, kernel_size=(1, 1), stride=(1, 1), bias=False)
        (qkv_dwconv): Conv2d(144, 144, kernel_size=(3, 3), stride=(1, 1), padding=(1, 1), groups=144, bias=False)
        (project_out): Conv2d(48, 48, kernel_size=(1, 1), stride=(1, 1), bias=False)
      )
      (norm2): LayerNorm(
        (body): WithBias_LayerNorm()
      )
      (ffn): FeedForward(
        (project_in): Conv2d(48, 254, kernel_size=(1, 1), stride=(1, 1), bias=False)
        (dwconv): Conv2d(254, 254, kernel_size=(3, 3), stride=(1, 1), padding=(1, 1), groups=254, bias=False)
        (project_out): Conv2d(127, 48, kernel_size=(1, 1), stride=(1, 1), bias=False)
      )
    )
    (2): TransformerBlock(
      (norm1): LayerNorm(
        (body): WithBias_LayerNorm()
      )
      (attn): Attention(
        (qkv): Conv2d(48, 144, kernel_size=(1, 1), stride=(1, 1), bias=False)
        (qkv_dwconv): Conv2d(144, 144, kernel_size=(3, 3), stride=(1, 1), padding=(1, 1), groups=144, bias=False)
        (project_out): Conv2d(48, 48, kernel_size=(1, 1), stride=(1, 1), bias=False)
      )
      (norm2): LayerNorm(
        (body): WithBias_LayerNorm()
      )
      (ffn): FeedForward(
        (project_in): Conv2d(48, 254, kernel_size=(1, 1), stride=(1, 1), bias=False)
        (dwconv): Conv2d(254, 254, kernel_size=(3, 3), stride=(1, 1), padding=(1, 1), groups=254, bias=False)
        (project_out): Conv2d(127, 48, kernel_size=(1, 1), stride=(1, 1), bias=False)
      )
    )
    (3): TransformerBlock(
      (norm1): LayerNorm(
        (body): WithBias_LayerNorm()
      )
      (attn): Attention(
        (qkv): Conv2d(48, 144, kernel_size=(1, 1), stride=(1, 1), bias=False)
        (qkv_dwconv): Conv2d(144, 144, kernel_size=(3, 3), stride=(1, 1), padding=(1, 1), groups=144, bias=False)
        (project_out): Conv2d(48, 48, kernel_size=(1, 1), stride=(1, 1), bias=False)
      )
      (norm2): LayerNorm(
        (body): WithBias_LayerNorm()
      )
      (ffn): FeedForward(
        (project_in): Conv2d(48, 254, kernel_size=(1, 1), stride=(1, 1), bias=False)
        (dwconv): Conv2d(254, 254, kernel_size=(3, 3), stride=(1, 1), padding=(1, 1), groups=254, bias=False)
        (project_out): Conv2d(127, 48, kernel_size=(1, 1), stride=(1, 1), bias=False)
      )
    )
  )
  (down1_2): FLC_Downsample(
    (body): Sequential(
      (0): Conv2d(48, 24, kernel_size=(3, 3), stride=(1, 1), padding=(1, 1), bias=False)
      (1): FLC_Pooling_random_alpha_blurred(
        (downsample_high): PixelUnshuffle(downscale_factor=2)
      )
    )
  )
  (encoder_level2): Sequential(
    (0): TransformerBlock(
      (norm1): LayerNorm(
        (body): WithBias_LayerNorm()
      )
      (attn): Attention(
        (qkv): Conv2d(96, 288, kernel_size=(1, 1), stride=(1, 1), bias=False)
        (qkv_dwconv): Conv2d(288, 288, kernel_size=(3, 3), stride=(1, 1), padding=(1, 1), groups=288, bias=False)
        (project_out): Conv2d(96, 96, kernel_size=(1, 1), stride=(1, 1), bias=False)
      )
      (norm2): LayerNorm(
        (body): WithBias_LayerNorm()
      )
      (ffn): FeedForward(
        (project_in): Conv2d(96, 510, kernel_size=(1, 1), stride=(1, 1), bias=False)
        (dwconv): Conv2d(510, 510, kernel_size=(3, 3), stride=(1, 1), padding=(1, 1), groups=510, bias=False)
        (project_out): Conv2d(255, 96, kernel_size=(1, 1), stride=(1, 1), bias=False)
      )
    )
    (1): TransformerBlock(
      (norm1): LayerNorm(
        (body): WithBias_LayerNorm()
      )
      (attn): Attention(
        (qkv): Conv2d(96, 288, kernel_size=(1, 1), stride=(1, 1), bias=False)
        (qkv_dwconv): Conv2d(288, 288, kernel_size=(3, 3), stride=(1, 1), padding=(1, 1), groups=288, bias=False)
        (project_out): Conv2d(96, 96, kernel_size=(1, 1), stride=(1, 1), bias=False)
      )
      (norm2): LayerNorm(
        (body): WithBias_LayerNorm()
      )
      (ffn): FeedForward(
        (project_in): Conv2d(96, 510, kernel_size=(1, 1), stride=(1, 1), bias=False)
        (dwconv): Conv2d(510, 510, kernel_size=(3, 3), stride=(1, 1), padding=(1, 1), groups=510, bias=False)
        (project_out): Conv2d(255, 96, kernel_size=(1, 1), stride=(1, 1), bias=False)
      )
    )
    (2): TransformerBlock(
      (norm1): LayerNorm(
        (body): WithBias_LayerNorm()
      )
      (attn): Attention(
        (qkv): Conv2d(96, 288, kernel_size=(1, 1), stride=(1, 1), bias=False)
        (qkv_dwconv): Conv2d(288, 288, kernel_size=(3, 3), stride=(1, 1), padding=(1, 1), groups=288, bias=False)
        (project_out): Conv2d(96, 96, kernel_size=(1, 1), stride=(1, 1), bias=False)
      )
      (norm2): LayerNorm(
        (body): WithBias_LayerNorm()
      )
      (ffn): FeedForward(
        (project_in): Conv2d(96, 510, kernel_size=(1, 1), stride=(1, 1), bias=False)
        (dwconv): Conv2d(510, 510, kernel_size=(3, 3), stride=(1, 1), padding=(1, 1), groups=510, bias=False)
        (project_out): Conv2d(255, 96, kernel_size=(1, 1), stride=(1, 1), bias=False)
      )
    )
    (3): TransformerBlock(
      (norm1): LayerNorm(
        (body): WithBias_LayerNorm()
      )
      (attn): Attention(
        (qkv): Conv2d(96, 288, kernel_size=(1, 1), stride=(1, 1), bias=False)
        (qkv_dwconv): Conv2d(288, 288, kernel_size=(3, 3), stride=(1, 1), padding=(1, 1), groups=288, bias=False)
        (project_out): Conv2d(96, 96, kernel_size=(1, 1), stride=(1, 1), bias=False)
      )
      (norm2): LayerNorm(
        (body): WithBias_LayerNorm()
      )
      (ffn): FeedForward(
        (project_in): Conv2d(96, 510, kernel_size=(1, 1), stride=(1, 1), bias=False)
        (dwconv): Conv2d(510, 510, kernel_size=(3, 3), stride=(1, 1), padding=(1, 1), groups=510, bias=False)
        (project_out): Conv2d(255, 96, kernel_size=(1, 1), stride=(1, 1), bias=False)
      )
    )
    (4): TransformerBlock(
      (norm1): LayerNorm(
        (body): WithBias_LayerNorm()
      )
      (attn): Attention(
        (qkv): Conv2d(96, 288, kernel_size=(1, 1), stride=(1, 1), bias=False)
        (qkv_dwconv): Conv2d(288, 288, kernel_size=(3, 3), stride=(1, 1), padding=(1, 1), groups=288, bias=False)
        (project_out): Conv2d(96, 96, kernel_size=(1, 1), stride=(1, 1), bias=False)
      )
      (norm2): LayerNorm(
        (body): WithBias_LayerNorm()
      )
      (ffn): FeedForward(
        (project_in): Conv2d(96, 510, kernel_size=(1, 1), stride=(1, 1), bias=False)
        (dwconv): Conv2d(510, 510, kernel_size=(3, 3), stride=(1, 1), padding=(1, 1), groups=510, bias=False)
        (project_out): Conv2d(255, 96, kernel_size=(1, 1), stride=(1, 1), bias=False)
      )
    )
    (5): TransformerBlock(
      (norm1): LayerNorm(
        (body): WithBias_LayerNorm()
      )
      (attn): Attention(
        (qkv): Conv2d(96, 288, kernel_size=(1, 1), stride=(1, 1), bias=False)
        (qkv_dwconv): Conv2d(288, 288, kernel_size=(3, 3), stride=(1, 1), padding=(1, 1), groups=288, bias=False)
        (project_out): Conv2d(96, 96, kernel_size=(1, 1), stride=(1, 1), bias=False)
      )
      (norm2): LayerNorm(
        (body): WithBias_LayerNorm()
      )
      (ffn): FeedForward(
        (project_in): Conv2d(96, 510, kernel_size=(1, 1), stride=(1, 1), bias=False)
        (dwconv): Conv2d(510, 510, kernel_size=(3, 3), stride=(1, 1), padding=(1, 1), groups=510, bias=False)
        (project_out): Conv2d(255, 96, kernel_size=(1, 1), stride=(1, 1), bias=False)
      )
    )
  )
  (down2_3): FLC_Downsample(
    (body): Sequential(
      (0): Conv2d(96, 48, kernel_size=(3, 3), stride=(1, 1), padding=(1, 1), bias=False)
      (1): FLC_Pooling_random_alpha_blurred(
        (downsample_high): PixelUnshuffle(downscale_factor=2)
      )
    )
  )
  (encoder_level3): Sequential(
    (0): TransformerBlock(
      (norm1): LayerNorm(
        (body): WithBias_LayerNorm()
      )
      (attn): Attention(
        (qkv): Conv2d(192, 576, kernel_size=(1, 1), stride=(1, 1), bias=False)
        (qkv_dwconv): Conv2d(576, 576, kernel_size=(3, 3), stride=(1, 1), padding=(1, 1), groups=576, bias=False)
        (project_out): Conv2d(192, 192, kernel_size=(1, 1), stride=(1, 1), bias=False)
      )
      (norm2): LayerNorm(
        (body): WithBias_LayerNorm()
      )
      (ffn): FeedForward(
        (project_in): Conv2d(192, 1020, kernel_size=(1, 1), stride=(1, 1), bias=False)
        (dwconv): Conv2d(1020, 1020, kernel_size=(3, 3), stride=(1, 1), padding=(1, 1), groups=1020, bias=False)
        (project_out): Conv2d(510, 192, kernel_size=(1, 1), stride=(1, 1), bias=False)
      )
    )
    (1): TransformerBlock(
      (norm1): LayerNorm(
        (body): WithBias_LayerNorm()
      )
      (attn): Attention(
        (qkv): Conv2d(192, 576, kernel_size=(1, 1), stride=(1, 1), bias=False)
        (qkv_dwconv): Conv2d(576, 576, kernel_size=(3, 3), stride=(1, 1), padding=(1, 1), groups=576, bias=False)
        (project_out): Conv2d(192, 192, kernel_size=(1, 1), stride=(1, 1), bias=False)
      )
      (norm2): LayerNorm(
        (body): WithBias_LayerNorm()
      )
      (ffn): FeedForward(
        (project_in): Conv2d(192, 1020, kernel_size=(1, 1), stride=(1, 1), bias=False)
        (dwconv): Conv2d(1020, 1020, kernel_size=(3, 3), stride=(1, 1), padding=(1, 1), groups=1020, bias=False)
        (project_out): Conv2d(510, 192, kernel_size=(1, 1), stride=(1, 1), bias=False)
      )
    )
    (2): TransformerBlock(
      (norm1): LayerNorm(
        (body): WithBias_LayerNorm()
      )
      (attn): Attention(
        (qkv): Conv2d(192, 576, kernel_size=(1, 1), stride=(1, 1), bias=False)
        (qkv_dwconv): Conv2d(576, 576, kernel_size=(3, 3), stride=(1, 1), padding=(1, 1), groups=576, bias=False)
        (project_out): Conv2d(192, 192, kernel_size=(1, 1), stride=(1, 1), bias=False)
      )
      (norm2): LayerNorm(
        (body): WithBias_LayerNorm()
      )
      (ffn): FeedForward(
        (project_in): Conv2d(192, 1020, kernel_size=(1, 1), stride=(1, 1), bias=False)
        (dwconv): Conv2d(1020, 1020, kernel_size=(3, 3), stride=(1, 1), padding=(1, 1), groups=1020, bias=False)
        (project_out): Conv2d(510, 192, kernel_size=(1, 1), stride=(1, 1), bias=False)
      )
    )
    (3): TransformerBlock(
      (norm1): LayerNorm(
        (body): WithBias_LayerNorm()
      )
      (attn): Attention(
        (qkv): Conv2d(192, 576, kernel_size=(1, 1), stride=(1, 1), bias=False)
        (qkv_dwconv): Conv2d(576, 576, kernel_size=(3, 3), stride=(1, 1), padding=(1, 1), groups=576, bias=False)
        (project_out): Conv2d(192, 192, kernel_size=(1, 1), stride=(1, 1), bias=False)
      )
      (norm2): LayerNorm(
        (body): WithBias_LayerNorm()
      )
      (ffn): FeedForward(
        (project_in): Conv2d(192, 1020, kernel_size=(1, 1), stride=(1, 1), bias=False)
        (dwconv): Conv2d(1020, 1020, kernel_size=(3, 3), stride=(1, 1), padding=(1, 1), groups=1020, bias=False)
        (project_out): Conv2d(510, 192, kernel_size=(1, 1), stride=(1, 1), bias=False)
      )
    )
    (4): TransformerBlock(
      (norm1): LayerNorm(
        (body): WithBias_LayerNorm()
      )
      (attn): Attention(
        (qkv): Conv2d(192, 576, kernel_size=(1, 1), stride=(1, 1), bias=False)
        (qkv_dwconv): Conv2d(576, 576, kernel_size=(3, 3), stride=(1, 1), padding=(1, 1), groups=576, bias=False)
        (project_out): Conv2d(192, 192, kernel_size=(1, 1), stride=(1, 1), bias=False)
      )
      (norm2): LayerNorm(
        (body): WithBias_LayerNorm()
      )
      (ffn): FeedForward(
        (project_in): Conv2d(192, 1020, kernel_size=(1, 1), stride=(1, 1), bias=False)
        (dwconv): Conv2d(1020, 1020, kernel_size=(3, 3), stride=(1, 1), padding=(1, 1), groups=1020, bias=False)
        (project_out): Conv2d(510, 192, kernel_size=(1, 1), stride=(1, 1), bias=False)
      )
    )
    (5): TransformerBlock(
      (norm1): LayerNorm(
        (body): WithBias_LayerNorm()
      )
      (attn): Attention(
        (qkv): Conv2d(192, 576, kernel_size=(1, 1), stride=(1, 1), bias=False)
        (qkv_dwconv): Conv2d(576, 576, kernel_size=(3, 3), stride=(1, 1), padding=(1, 1), groups=576, bias=False)
        (project_out): Conv2d(192, 192, kernel_size=(1, 1), stride=(1, 1), bias=False)
      )
      (norm2): LayerNorm(
        (body): WithBias_LayerNorm()
      )
      (ffn): FeedForward(
        (project_in): Conv2d(192, 1020, kernel_size=(1, 1), stride=(1, 1), bias=False)
        (dwconv): Conv2d(1020, 1020, kernel_size=(3, 3), stride=(1, 1), padding=(1, 1), groups=1020, bias=False)
        (project_out): Conv2d(510, 192, kernel_size=(1, 1), stride=(1, 1), bias=False)
      )
    )
  )
  (down3_4): FLC_Downsample(
    (body): Sequential(
      (0): Conv2d(192, 96, kernel_size=(3, 3), stride=(1, 1), padding=(1, 1), bias=False)
      (1): FLC_Pooling_random_alpha_blurred(
        (downsample_high): PixelUnshuffle(downscale_factor=2)
      )
    )
  )
  (latent): Sequential(
    (0): TransformerBlock(
      (norm1): LayerNorm(
        (body): WithBias_LayerNorm()
      )
      (attn): Attention(
        (qkv): Conv2d(384, 1152, kernel_size=(1, 1), stride=(1, 1), bias=False)
        (qkv_dwconv): Conv2d(1152, 1152, kernel_size=(3, 3), stride=(1, 1), padding=(1, 1), groups=1152, bias=False)
        (project_out): Conv2d(384, 384, kernel_size=(1, 1), stride=(1, 1), bias=False)
      )
      (norm2): LayerNorm(
        (body): WithBias_LayerNorm()
      )
      (ffn): FeedForward(
        (project_in): Conv2d(384, 2042, kernel_size=(1, 1), stride=(1, 1), bias=False)
        (dwconv): Conv2d(2042, 2042, kernel_size=(3, 3), stride=(1, 1), padding=(1, 1), groups=2042, bias=False)
        (project_out): Conv2d(1021, 384, kernel_size=(1, 1), stride=(1, 1), bias=False)
      )
    )
    (1): TransformerBlock(
      (norm1): LayerNorm(
        (body): WithBias_LayerNorm()
      )
      (attn): Attention(
        (qkv): Conv2d(384, 1152, kernel_size=(1, 1), stride=(1, 1), bias=False)
        (qkv_dwconv): Conv2d(1152, 1152, kernel_size=(3, 3), stride=(1, 1), padding=(1, 1), groups=1152, bias=False)
        (project_out): Conv2d(384, 384, kernel_size=(1, 1), stride=(1, 1), bias=False)
      )
      (norm2): LayerNorm(
        (body): WithBias_LayerNorm()
      )
      (ffn): FeedForward(
        (project_in): Conv2d(384, 2042, kernel_size=(1, 1), stride=(1, 1), bias=False)
        (dwconv): Conv2d(2042, 2042, kernel_size=(3, 3), stride=(1, 1), padding=(1, 1), groups=2042, bias=False)
        (project_out): Conv2d(1021, 384, kernel_size=(1, 1), stride=(1, 1), bias=False)
      )
    )
    (2): TransformerBlock(
      (norm1): LayerNorm(
        (body): WithBias_LayerNorm()
      )
      (attn): Attention(
        (qkv): Conv2d(384, 1152, kernel_size=(1, 1), stride=(1, 1), bias=False)
        (qkv_dwconv): Conv2d(1152, 1152, kernel_size=(3, 3), stride=(1, 1), padding=(1, 1), groups=1152, bias=False)
        (project_out): Conv2d(384, 384, kernel_size=(1, 1), stride=(1, 1), bias=False)
      )
      (norm2): LayerNorm(
        (body): WithBias_LayerNorm()
      )
      (ffn): FeedForward(
        (project_in): Conv2d(384, 2042, kernel_size=(1, 1), stride=(1, 1), bias=False)
        (dwconv): Conv2d(2042, 2042, kernel_size=(3, 3), stride=(1, 1), padding=(1, 1), groups=2042, bias=False)
        (project_out): Conv2d(1021, 384, kernel_size=(1, 1), stride=(1, 1), bias=False)
      )
    )
    (3): TransformerBlock(
      (norm1): LayerNorm(
        (body): WithBias_LayerNorm()
      )
      (attn): Attention(
        (qkv): Conv2d(384, 1152, kernel_size=(1, 1), stride=(1, 1), bias=False)
        (qkv_dwconv): Conv2d(1152, 1152, kernel_size=(3, 3), stride=(1, 1), padding=(1, 1), groups=1152, bias=False)
        (project_out): Conv2d(384, 384, kernel_size=(1, 1), stride=(1, 1), bias=False)
      )
      (norm2): LayerNorm(
        (body): WithBias_LayerNorm()
      )
      (ffn): FeedForward(
        (project_in): Conv2d(384, 2042, kernel_size=(1, 1), stride=(1, 1), bias=False)
        (dwconv): Conv2d(2042, 2042, kernel_size=(3, 3), stride=(1, 1), padding=(1, 1), groups=2042, bias=False)
        (project_out): Conv2d(1021, 384, kernel_size=(1, 1), stride=(1, 1), bias=False)
      )
    )
    (4): TransformerBlock(
      (norm1): LayerNorm(
        (body): WithBias_LayerNorm()
      )
      (attn): Attention(
        (qkv): Conv2d(384, 1152, kernel_size=(1, 1), stride=(1, 1), bias=False)
        (qkv_dwconv): Conv2d(1152, 1152, kernel_size=(3, 3), stride=(1, 1), padding=(1, 1), groups=1152, bias=False)
        (project_out): Conv2d(384, 384, kernel_size=(1, 1), stride=(1, 1), bias=False)
      )
      (norm2): LayerNorm(
        (body): WithBias_LayerNorm()
      )
      (ffn): FeedForward(
        (project_in): Conv2d(384, 2042, kernel_size=(1, 1), stride=(1, 1), bias=False)
        (dwconv): Conv2d(2042, 2042, kernel_size=(3, 3), stride=(1, 1), padding=(1, 1), groups=2042, bias=False)
        (project_out): Conv2d(1021, 384, kernel_size=(1, 1), stride=(1, 1), bias=False)
      )
    )
    (5): TransformerBlock(
      (norm1): LayerNorm(
        (body): WithBias_LayerNorm()
      )
      (attn): Attention(
        (qkv): Conv2d(384, 1152, kernel_size=(1, 1), stride=(1, 1), bias=False)
        (qkv_dwconv): Conv2d(1152, 1152, kernel_size=(3, 3), stride=(1, 1), padding=(1, 1), groups=1152, bias=False)
        (project_out): Conv2d(384, 384, kernel_size=(1, 1), stride=(1, 1), bias=False)
      )
      (norm2): LayerNorm(
        (body): WithBias_LayerNorm()
      )
      (ffn): FeedForward(
        (project_in): Conv2d(384, 2042, kernel_size=(1, 1), stride=(1, 1), bias=False)
        (dwconv): Conv2d(2042, 2042, kernel_size=(3, 3), stride=(1, 1), padding=(1, 1), groups=2042, bias=False)
        (project_out): Conv2d(1021, 384, kernel_size=(1, 1), stride=(1, 1), bias=False)
      )
    )
    (6): TransformerBlock(
      (norm1): LayerNorm(
        (body): WithBias_LayerNorm()
      )
      (attn): Attention(
        (qkv): Conv2d(384, 1152, kernel_size=(1, 1), stride=(1, 1), bias=False)
        (qkv_dwconv): Conv2d(1152, 1152, kernel_size=(3, 3), stride=(1, 1), padding=(1, 1), groups=1152, bias=False)
        (project_out): Conv2d(384, 384, kernel_size=(1, 1), stride=(1, 1), bias=False)
      )
      (norm2): LayerNorm(
        (body): WithBias_LayerNorm()
      )
      (ffn): FeedForward(
        (project_in): Conv2d(384, 2042, kernel_size=(1, 1), stride=(1, 1), bias=False)
        (dwconv): Conv2d(2042, 2042, kernel_size=(3, 3), stride=(1, 1), padding=(1, 1), groups=2042, bias=False)
        (project_out): Conv2d(1021, 384, kernel_size=(1, 1), stride=(1, 1), bias=False)
      )
    )
    (7): TransformerBlock(
      (norm1): LayerNorm(
        (body): WithBias_LayerNorm()
      )
      (attn): Attention(
        (qkv): Conv2d(384, 1152, kernel_size=(1, 1), stride=(1, 1), bias=False)
        (qkv_dwconv): Conv2d(1152, 1152, kernel_size=(3, 3), stride=(1, 1), padding=(1, 1), groups=1152, bias=False)
        (project_out): Conv2d(384, 384, kernel_size=(1, 1), stride=(1, 1), bias=False)
      )
      (norm2): LayerNorm(
        (body): WithBias_LayerNorm()
      )
      (ffn): FeedForward(
        (project_in): Conv2d(384, 2042, kernel_size=(1, 1), stride=(1, 1), bias=False)
        (dwconv): Conv2d(2042, 2042, kernel_size=(3, 3), stride=(1, 1), padding=(1, 1), groups=2042, bias=False)
        (project_out): Conv2d(1021, 384, kernel_size=(1, 1), stride=(1, 1), bias=False)
      )
    )
  )
  (up4_3): FreqAvgUpsample(
    (body): Conv2d(384, 768, kernel_size=(3, 3), stride=(1, 1), padding=(1, 1), bias=False)
    (shuffle): PixelShuffle(upscale_factor=2)
  )
  (reduce_chan_level3): Conv2d(384, 192, kernel_size=(1, 1), stride=(1, 1), bias=False)
  (decoder_level3): Sequential(
    (0): TransformerBlock(
      (norm1): LayerNorm(
        (body): WithBias_LayerNorm()
      )
      (attn): Attention(
        (qkv): Conv2d(192, 576, kernel_size=(1, 1), stride=(1, 1), bias=False)
        (qkv_dwconv): Conv2d(576, 576, kernel_size=(3, 3), stride=(1, 1), padding=(1, 1), groups=576, bias=False)
        (project_out): Conv2d(192, 192, kernel_size=(1, 1), stride=(1, 1), bias=False)
      )
      (norm2): LayerNorm(
        (body): WithBias_LayerNorm()
      )
      (ffn): FeedForward(
        (project_in): Conv2d(192, 1020, kernel_size=(1, 1), stride=(1, 1), bias=False)
        (dwconv): Conv2d(1020, 1020, kernel_size=(3, 3), stride=(1, 1), padding=(1, 1), groups=1020, bias=False)
        (project_out): Conv2d(510, 192, kernel_size=(1, 1), stride=(1, 1), bias=False)
      )
    )
    (1): TransformerBlock(
      (norm1): LayerNorm(
        (body): WithBias_LayerNorm()
      )
      (attn): Attention(
        (qkv): Conv2d(192, 576, kernel_size=(1, 1), stride=(1, 1), bias=False)
        (qkv_dwconv): Conv2d(576, 576, kernel_size=(3, 3), stride=(1, 1), padding=(1, 1), groups=576, bias=False)
        (project_out): Conv2d(192, 192, kernel_size=(1, 1), stride=(1, 1), bias=False)
      )
      (norm2): LayerNorm(
        (body): WithBias_LayerNorm()
      )
      (ffn): FeedForward(
        (project_in): Conv2d(192, 1020, kernel_size=(1, 1), stride=(1, 1), bias=False)
        (dwconv): Conv2d(1020, 1020, kernel_size=(3, 3), stride=(1, 1), padding=(1, 1), groups=1020, bias=False)
        (project_out): Conv2d(510, 192, kernel_size=(1, 1), stride=(1, 1), bias=False)
      )
    )
    (2): TransformerBlock(
      (norm1): LayerNorm(
        (body): WithBias_LayerNorm()
      )
      (attn): Attention(
        (qkv): Conv2d(192, 576, kernel_size=(1, 1), stride=(1, 1), bias=False)
        (qkv_dwconv): Conv2d(576, 576, kernel_size=(3, 3), stride=(1, 1), padding=(1, 1), groups=576, bias=False)
        (project_out): Conv2d(192, 192, kernel_size=(1, 1), stride=(1, 1), bias=False)
      )
      (norm2): LayerNorm(
        (body): WithBias_LayerNorm()
      )
      (ffn): FeedForward(
        (project_in): Conv2d(192, 1020, kernel_size=(1, 1), stride=(1, 1), bias=False)
        (dwconv): Conv2d(1020, 1020, kernel_size=(3, 3), stride=(1, 1), padding=(1, 1), groups=1020, bias=False)
        (project_out): Conv2d(510, 192, kernel_size=(1, 1), stride=(1, 1), bias=False)
      )
    )
    (3): TransformerBlock(
      (norm1): LayerNorm(
        (body): WithBias_LayerNorm()
      )
      (attn): Attention(
        (qkv): Conv2d(192, 576, kernel_size=(1, 1), stride=(1, 1), bias=False)
        (qkv_dwconv): Conv2d(576, 576, kernel_size=(3, 3), stride=(1, 1), padding=(1, 1), groups=576, bias=False)
        (project_out): Conv2d(192, 192, kernel_size=(1, 1), stride=(1, 1), bias=False)
      )
      (norm2): LayerNorm(
        (body): WithBias_LayerNorm()
      )
      (ffn): FeedForward(
        (project_in): Conv2d(192, 1020, kernel_size=(1, 1), stride=(1, 1), bias=False)
        (dwconv): Conv2d(1020, 1020, kernel_size=(3, 3), stride=(1, 1), padding=(1, 1), groups=1020, bias=False)
        (project_out): Conv2d(510, 192, kernel_size=(1, 1), stride=(1, 1), bias=False)
      )
    )
    (4): TransformerBlock(
      (norm1): LayerNorm(
        (body): WithBias_LayerNorm()
      )
      (attn): Attention(
        (qkv): Conv2d(192, 576, kernel_size=(1, 1), stride=(1, 1), bias=False)
        (qkv_dwconv): Conv2d(576, 576, kernel_size=(3, 3), stride=(1, 1), padding=(1, 1), groups=576, bias=False)
        (project_out): Conv2d(192, 192, kernel_size=(1, 1), stride=(1, 1), bias=False)
      )
      (norm2): LayerNorm(
        (body): WithBias_LayerNorm()
      )
      (ffn): FeedForward(
        (project_in): Conv2d(192, 1020, kernel_size=(1, 1), stride=(1, 1), bias=False)
        (dwconv): Conv2d(1020, 1020, kernel_size=(3, 3), stride=(1, 1), padding=(1, 1), groups=1020, bias=False)
        (project_out): Conv2d(510, 192, kernel_size=(1, 1), stride=(1, 1), bias=False)
      )
    )
    (5): TransformerBlock(
      (norm1): LayerNorm(
        (body): WithBias_LayerNorm()
      )
      (attn): Attention(
        (qkv): Conv2d(192, 576, kernel_size=(1, 1), stride=(1, 1), bias=False)
        (qkv_dwconv): Conv2d(576, 576, kernel_size=(3, 3), stride=(1, 1), padding=(1, 1), groups=576, bias=False)
        (project_out): Conv2d(192, 192, kernel_size=(1, 1), stride=(1, 1), bias=False)
      )
      (norm2): LayerNorm(
        (body): WithBias_LayerNorm()
      )
      (ffn): FeedForward(
        (project_in): Conv2d(192, 1020, kernel_size=(1, 1), stride=(1, 1), bias=False)
        (dwconv): Conv2d(1020, 1020, kernel_size=(3, 3), stride=(1, 1), padding=(1, 1), groups=1020, bias=False)
        (project_out): Conv2d(510, 192, kernel_size=(1, 1), stride=(1, 1), bias=False)
      )
    )
  )
  (up3_2): FreqAvgUpsample(
    (body): Conv2d(192, 384, kernel_size=(3, 3), stride=(1, 1), padding=(1, 1), bias=False)
    (shuffle): PixelShuffle(upscale_factor=2)
  )
  (reduce_chan_level2): Conv2d(192, 96, kernel_size=(1, 1), stride=(1, 1), bias=False)
  (decoder_level2): Sequential(
    (0): TransformerBlock(
      (norm1): LayerNorm(
        (body): WithBias_LayerNorm()
      )
      (attn): Attention(
        (qkv): Conv2d(96, 288, kernel_size=(1, 1), stride=(1, 1), bias=False)
        (qkv_dwconv): Conv2d(288, 288, kernel_size=(3, 3), stride=(1, 1), padding=(1, 1), groups=288, bias=False)
        (project_out): Conv2d(96, 96, kernel_size=(1, 1), stride=(1, 1), bias=False)
      )
      (norm2): LayerNorm(
        (body): WithBias_LayerNorm()
      )
      (ffn): FeedForward(
        (project_in): Conv2d(96, 510, kernel_size=(1, 1), stride=(1, 1), bias=False)
        (dwconv): Conv2d(510, 510, kernel_size=(3, 3), stride=(1, 1), padding=(1, 1), groups=510, bias=False)
        (project_out): Conv2d(255, 96, kernel_size=(1, 1), stride=(1, 1), bias=False)
      )
    )
    (1): TransformerBlock(
      (norm1): LayerNorm(
        (body): WithBias_LayerNorm()
      )
      (attn): Attention(
        (qkv): Conv2d(96, 288, kernel_size=(1, 1), stride=(1, 1), bias=False)
        (qkv_dwconv): Conv2d(288, 288, kernel_size=(3, 3), stride=(1, 1), padding=(1, 1), groups=288, bias=False)
        (project_out): Conv2d(96, 96, kernel_size=(1, 1), stride=(1, 1), bias=False)
      )
      (norm2): LayerNorm(
        (body): WithBias_LayerNorm()
      )
      (ffn): FeedForward(
        (project_in): Conv2d(96, 510, kernel_size=(1, 1), stride=(1, 1), bias=False)
        (dwconv): Conv2d(510, 510, kernel_size=(3, 3), stride=(1, 1), padding=(1, 1), groups=510, bias=False)
        (project_out): Conv2d(255, 96, kernel_size=(1, 1), stride=(1, 1), bias=False)
      )
    )
    (2): TransformerBlock(
      (norm1): LayerNorm(
        (body): WithBias_LayerNorm()
      )
      (attn): Attention(
        (qkv): Conv2d(96, 288, kernel_size=(1, 1), stride=(1, 1), bias=False)
        (qkv_dwconv): Conv2d(288, 288, kernel_size=(3, 3), stride=(1, 1), padding=(1, 1), groups=288, bias=False)
        (project_out): Conv2d(96, 96, kernel_size=(1, 1), stride=(1, 1), bias=False)
      )
      (norm2): LayerNorm(
        (body): WithBias_LayerNorm()
      )
      (ffn): FeedForward(
        (project_in): Conv2d(96, 510, kernel_size=(1, 1), stride=(1, 1), bias=False)
        (dwconv): Conv2d(510, 510, kernel_size=(3, 3), stride=(1, 1), padding=(1, 1), groups=510, bias=False)
        (project_out): Conv2d(255, 96, kernel_size=(1, 1), stride=(1, 1), bias=False)
      )
    )
    (3): TransformerBlock(
      (norm1): LayerNorm(
        (body): WithBias_LayerNorm()
      )
      (attn): Attention(
        (qkv): Conv2d(96, 288, kernel_size=(1, 1), stride=(1, 1), bias=False)
        (qkv_dwconv): Conv2d(288, 288, kernel_size=(3, 3), stride=(1, 1), padding=(1, 1), groups=288, bias=False)
        (project_out): Conv2d(96, 96, kernel_size=(1, 1), stride=(1, 1), bias=False)
      )
      (norm2): LayerNorm(
        (body): WithBias_LayerNorm()
      )
      (ffn): FeedForward(
        (project_in): Conv2d(96, 510, kernel_size=(1, 1), stride=(1, 1), bias=False)
        (dwconv): Conv2d(510, 510, kernel_size=(3, 3), stride=(1, 1), padding=(1, 1), groups=510, bias=False)
        (project_out): Conv2d(255, 96, kernel_size=(1, 1), stride=(1, 1), bias=False)
      )
    )
    (4): TransformerBlock(
      (norm1): LayerNorm(
        (body): WithBias_LayerNorm()
      )
      (attn): Attention(
        (qkv): Conv2d(96, 288, kernel_size=(1, 1), stride=(1, 1), bias=False)
        (qkv_dwconv): Conv2d(288, 288, kernel_size=(3, 3), stride=(1, 1), padding=(1, 1), groups=288, bias=False)
        (project_out): Conv2d(96, 96, kernel_size=(1, 1), stride=(1, 1), bias=False)
      )
      (norm2): LayerNorm(
        (body): WithBias_LayerNorm()
      )
      (ffn): FeedForward(
        (project_in): Conv2d(96, 510, kernel_size=(1, 1), stride=(1, 1), bias=False)
        (dwconv): Conv2d(510, 510, kernel_size=(3, 3), stride=(1, 1), padding=(1, 1), groups=510, bias=False)
        (project_out): Conv2d(255, 96, kernel_size=(1, 1), stride=(1, 1), bias=False)
      )
    )
    (5): TransformerBlock(
      (norm1): LayerNorm(
        (body): WithBias_LayerNorm()
      )
      (attn): Attention(
        (qkv): Conv2d(96, 288, kernel_size=(1, 1), stride=(1, 1), bias=False)
        (qkv_dwconv): Conv2d(288, 288, kernel_size=(3, 3), stride=(1, 1), padding=(1, 1), groups=288, bias=False)
        (project_out): Conv2d(96, 96, kernel_size=(1, 1), stride=(1, 1), bias=False)
      )
      (norm2): LayerNorm(
        (body): WithBias_LayerNorm()
      )
      (ffn): FeedForward(
        (project_in): Conv2d(96, 510, kernel_size=(1, 1), stride=(1, 1), bias=False)
        (dwconv): Conv2d(510, 510, kernel_size=(3, 3), stride=(1, 1), padding=(1, 1), groups=510, bias=False)
        (project_out): Conv2d(255, 96, kernel_size=(1, 1), stride=(1, 1), bias=False)
      )
    )
  )
  (up2_1): FreqAvgUpsample(
    (body): Conv2d(96, 192, kernel_size=(3, 3), stride=(1, 1), padding=(1, 1), bias=False)
    (shuffle): PixelShuffle(upscale_factor=2)
  )
  (decoder_level1): Sequential(
    (0): TransformerBlock(
      (norm1): LayerNorm(
        (body): WithBias_LayerNorm()
      )
      (attn): Attention(
        (qkv): Conv2d(96, 288, kernel_size=(1, 1), stride=(1, 1), bias=False)
        (qkv_dwconv): Conv2d(288, 288, kernel_size=(3, 3), stride=(1, 1), padding=(1, 1), groups=288, bias=False)
        (project_out): Conv2d(96, 96, kernel_size=(1, 1), stride=(1, 1), bias=False)
      )
      (norm2): LayerNorm(
        (body): WithBias_LayerNorm()
      )
      (ffn): FeedForward(
        (project_in): Conv2d(96, 510, kernel_size=(1, 1), stride=(1, 1), bias=False)
        (dwconv): Conv2d(510, 510, kernel_size=(3, 3), stride=(1, 1), padding=(1, 1), groups=510, bias=False)
        (project_out): Conv2d(255, 96, kernel_size=(1, 1), stride=(1, 1), bias=False)
      )
    )
    (1): TransformerBlock(
      (norm1): LayerNorm(
        (body): WithBias_LayerNorm()
      )
      (attn): Attention(
        (qkv): Conv2d(96, 288, kernel_size=(1, 1), stride=(1, 1), bias=False)
        (qkv_dwconv): Conv2d(288, 288, kernel_size=(3, 3), stride=(1, 1), padding=(1, 1), groups=288, bias=False)
        (project_out): Conv2d(96, 96, kernel_size=(1, 1), stride=(1, 1), bias=False)
      )
      (norm2): LayerNorm(
        (body): WithBias_LayerNorm()
      )
      (ffn): FeedForward(
        (project_in): Conv2d(96, 510, kernel_size=(1, 1), stride=(1, 1), bias=False)
        (dwconv): Conv2d(510, 510, kernel_size=(3, 3), stride=(1, 1), padding=(1, 1), groups=510, bias=False)
        (project_out): Conv2d(255, 96, kernel_size=(1, 1), stride=(1, 1), bias=False)
      )
    )
    (2): TransformerBlock(
      (norm1): LayerNorm(
        (body): WithBias_LayerNorm()
      )
      (attn): Attention(
        (qkv): Conv2d(96, 288, kernel_size=(1, 1), stride=(1, 1), bias=False)
        (qkv_dwconv): Conv2d(288, 288, kernel_size=(3, 3), stride=(1, 1), padding=(1, 1), groups=288, bias=False)
        (project_out): Conv2d(96, 96, kernel_size=(1, 1), stride=(1, 1), bias=False)
      )
      (norm2): LayerNorm(
        (body): WithBias_LayerNorm()
      )
      (ffn): FeedForward(
        (project_in): Conv2d(96, 510, kernel_size=(1, 1), stride=(1, 1), bias=False)
        (dwconv): Conv2d(510, 510, kernel_size=(3, 3), stride=(1, 1), padding=(1, 1), groups=510, bias=False)
        (project_out): Conv2d(255, 96, kernel_size=(1, 1), stride=(1, 1), bias=False)
      )
    )
    (3): TransformerBlock(
      (norm1): LayerNorm(
        (body): WithBias_LayerNorm()
      )
      (attn): Attention(
        (qkv): Conv2d(96, 288, kernel_size=(1, 1), stride=(1, 1), bias=False)
        (qkv_dwconv): Conv2d(288, 288, kernel_size=(3, 3), stride=(1, 1), padding=(1, 1), groups=288, bias=False)
        (project_out): Conv2d(96, 96, kernel_size=(1, 1), stride=(1, 1), bias=False)
      )
      (norm2): LayerNorm(
        (body): WithBias_LayerNorm()
      )
      (ffn): FeedForward(
        (project_in): Conv2d(96, 510, kernel_size=(1, 1), stride=(1, 1), bias=False)
        (dwconv): Conv2d(510, 510, kernel_size=(3, 3), stride=(1, 1), padding=(1, 1), groups=510, bias=False)
        (project_out): Conv2d(255, 96, kernel_size=(1, 1), stride=(1, 1), bias=False)
      )
    )
  )
  (refinement): Sequential(
    (0): TransformerBlock(
      (norm1): LayerNorm(
        (body): WithBias_LayerNorm()
      )
      (attn): Attention(
        (qkv): Conv2d(96, 288, kernel_size=(1, 1), stride=(1, 1), bias=False)
        (qkv_dwconv): Conv2d(288, 288, kernel_size=(3, 3), stride=(1, 1), padding=(1, 1), groups=288, bias=False)
        (project_out): Conv2d(96, 96, kernel_size=(1, 1), stride=(1, 1), bias=False)
      )
      (norm2): LayerNorm(
        (body): WithBias_LayerNorm()
      )
      (ffn): FeedForward(
        (project_in): Conv2d(96, 510, kernel_size=(1, 1), stride=(1, 1), bias=False)
        (dwconv): Conv2d(510, 510, kernel_size=(3, 3), stride=(1, 1), padding=(1, 1), groups=510, bias=False)
        (project_out): Conv2d(255, 96, kernel_size=(1, 1), stride=(1, 1), bias=False)
      )
    )
    (1): TransformerBlock(
      (norm1): LayerNorm(
        (body): WithBias_LayerNorm()
      )
      (attn): Attention(
        (qkv): Conv2d(96, 288, kernel_size=(1, 1), stride=(1, 1), bias=False)
        (qkv_dwconv): Conv2d(288, 288, kernel_size=(3, 3), stride=(1, 1), padding=(1, 1), groups=288, bias=False)
        (project_out): Conv2d(96, 96, kernel_size=(1, 1), stride=(1, 1), bias=False)
      )
      (norm2): LayerNorm(
        (body): WithBias_LayerNorm()
      )
      (ffn): FeedForward(
        (project_in): Conv2d(96, 510, kernel_size=(1, 1), stride=(1, 1), bias=False)
        (dwconv): Conv2d(510, 510, kernel_size=(3, 3), stride=(1, 1), padding=(1, 1), groups=510, bias=False)
        (project_out): Conv2d(255, 96, kernel_size=(1, 1), stride=(1, 1), bias=False)
      )
    )
    (2): TransformerBlock(
      (norm1): LayerNorm(
        (body): WithBias_LayerNorm()
      )
      (attn): Attention(
        (qkv): Conv2d(96, 288, kernel_size=(1, 1), stride=(1, 1), bias=False)
        (qkv_dwconv): Conv2d(288, 288, kernel_size=(3, 3), stride=(1, 1), padding=(1, 1), groups=288, bias=False)
        (project_out): Conv2d(96, 96, kernel_size=(1, 1), stride=(1, 1), bias=False)
      )
      (norm2): LayerNorm(
        (body): WithBias_LayerNorm()
      )
      (ffn): FeedForward(
        (project_in): Conv2d(96, 510, kernel_size=(1, 1), stride=(1, 1), bias=False)
        (dwconv): Conv2d(510, 510, kernel_size=(3, 3), stride=(1, 1), padding=(1, 1), groups=510, bias=False)
        (project_out): Conv2d(255, 96, kernel_size=(1, 1), stride=(1, 1), bias=False)
      )
    )
    (3): TransformerBlock(
      (norm1): LayerNorm(
        (body): WithBias_LayerNorm()
      )
      (attn): Attention(
        (qkv): Conv2d(96, 288, kernel_size=(1, 1), stride=(1, 1), bias=False)
        (qkv_dwconv): Conv2d(288, 288, kernel_size=(3, 3), stride=(1, 1), padding=(1, 1), groups=288, bias=False)
        (project_out): Conv2d(96, 96, kernel_size=(1, 1), stride=(1, 1), bias=False)
      )
      (norm2): LayerNorm(
        (body): WithBias_LayerNorm()
      )
      (ffn): FeedForward(
        (project_in): Conv2d(96, 510, kernel_size=(1, 1), stride=(1, 1), bias=False)
        (dwconv): Conv2d(510, 510, kernel_size=(3, 3), stride=(1, 1), padding=(1, 1), groups=510, bias=False)
        (project_out): Conv2d(255, 96, kernel_size=(1, 1), stride=(1, 1), bias=False)
      )
    )
  )
  (output): Conv2d(96, 3, kernel_size=(3, 3), stride=(1, 1), padding=(1, 1), bias=False)
)
2024-01-04 17:36:27,253 INFO: Model [ImageCleanModel] is created.
cuda
2024-01-04 17:36:27,589 INFO: Start training from epoch: 0, iter: 0
2024-01-04 17:36:28,557 INFO: 
 Updating Patch_Size to 128 and Batch_Size to 8 

2024-01-04 17:45:29,356 INFO: [Deblu..][epoch:  0, iter:   1,000, lr:(3.000e-04,)] [eta: 1 day, 20:58:44, time (data): 0.536 (0.001)] l_pix: 4.1454e-03 
2024-01-04 17:54:26,316 INFO: [Deblu..][epoch:  0, iter:   2,000, lr:(3.000e-04,)] [eta: 1 day, 20:38:19, time (data): 0.534 (0.001)] l_pix: 5.5577e-03 
2024-01-04 18:03:23,830 INFO: [Deblu..][epoch:  1, iter:   3,000, lr:(3.000e-04,)] [eta: 1 day, 20:26:27, time (data): 0.536 (0.002)] l_pix: 2.4911e-03 
2024-01-04 18:12:20,673 INFO: [Deblu..][epoch:  1, iter:   4,000, lr:(3.000e-04,)] [eta: 1 day, 20:15:12, time (data): 0.536 (0.001)] l_pix: 4.7409e-03 
2024-01-04 18:12:20,674 INFO: Saving models and training states.
2024-01-04 18:14:41,110 INFO: Validation ValSet,		 # psnr: 26.1229
2024-01-04 18:23:37,214 INFO: [Deblu..][epoch:  2, iter:   5,000, lr:(3.000e-04,)] [eta: 1 day, 22:22:13, time (data): 0.535 (0.001)] l_pix: 5.3342e-03 
2024-01-04 18:32:34,728 INFO: [Deblu..][epoch:  2, iter:   6,000, lr:(3.000e-04,)] [eta: 1 day, 21:49:38, time (data): 0.540 (0.002)] l_pix: 3.1926e-03 
2024-01-04 18:41:33,812 INFO: [Deblu..][epoch:  3, iter:   7,000, lr:(3.000e-04,)] [eta: 1 day, 21:24:53, time (data): 0.534 (0.001)] l_pix: 3.0749e-03 
2024-01-04 18:50:32,174 INFO: [Deblu..][epoch:  3, iter:   8,000, lr:(3.000e-04,)] [eta: 1 day, 21:03:38, time (data): 0.536 (0.001)] l_pix: 1.1766e-03 
2024-01-04 18:50:32,175 INFO: Saving models and training states.
2024-01-04 18:52:45,307 INFO: Validation ValSet,		 # psnr: 27.0428
2024-01-04 19:01:44,532 INFO: [Deblu..][epoch:  4, iter:   9,000, lr:(3.000e-04,)] [eta: 1 day, 21:57:19, time (data): 0.538 (0.001)] l_pix: 2.7519e-03 
2024-01-04 19:10:47,079 INFO: [Deblu..][epoch:  4, iter:  10,000, lr:(3.000e-04,)] [eta: 1 day, 21:35:17, time (data): 0.535 (0.001)] l_pix: 3.6668e-03 
2024-01-04 19:19:53,851 INFO: [Deblu..][epoch:  5, iter:  11,000, lr:(3.000e-04,)] [eta: 1 day, 21:17:28, time (data): 0.553 (0.003)] l_pix: 2.0263e-03 
2024-01-04 19:29:02,972 INFO: [Deblu..][epoch:  5, iter:  12,000, lr:(3.000e-04,)] [eta: 1 day, 21:02:03, time (data): 0.547 (0.002)] l_pix: 2.0344e-03 
2024-01-04 19:29:02,977 INFO: Saving models and training states.
2024-01-04 19:31:16,030 INFO: Validation ValSet,		 # psnr: 27.6158
2024-01-04 19:40:25,818 INFO: [Deblu..][epoch:  6, iter:  13,000, lr:(3.000e-04,)] [eta: 1 day, 21:36:47, time (data): 0.540 (0.001)] l_pix: 2.6516e-03 
2024-01-04 19:49:31,948 INFO: [Deblu..][epoch:  6, iter:  14,000, lr:(3.000e-04,)] [eta: 1 day, 21:18:23, time (data): 0.538 (0.001)] l_pix: 5.1554e-04 
2024-01-04 19:58:35,301 INFO: [Deblu..][epoch:  7, iter:  15,000, lr:(3.000e-04,)] [eta: 1 day, 21:00:21, time (data): 0.535 (0.001)] l_pix: 1.0164e-03 
2024-01-04 20:07:44,955 INFO: [Deblu..][epoch:  7, iter:  16,000, lr:(3.000e-04,)] [eta: 1 day, 20:45:18, time (data): 0.547 (0.001)] l_pix: 3.6104e-03 
2024-01-04 20:07:44,958 INFO: Saving models and training states.
2024-01-04 20:09:56,220 INFO: Validation ValSet,		 # psnr: 28.0146
2024-01-04 20:19:00,225 INFO: [Deblu..][epoch:  8, iter:  17,000, lr:(3.000e-04,)] [eta: 1 day, 21:05:48, time (data): 0.535 (0.001)] l_pix: 1.1596e-03 
2024-01-04 20:28:02,930 INFO: [Deblu..][epoch:  8, iter:  18,000, lr:(3.000e-04,)] [eta: 1 day, 20:48:09, time (data): 0.537 (0.001)] l_pix: 1.4348e-03 
2024-01-04 20:37:04,378 INFO: [Deblu..][epoch:  9, iter:  19,000, lr:(3.000e-04,)] [eta: 1 day, 20:31:06, time (data): 0.538 (0.001)] l_pix: 3.7787e-03 
2024-01-04 20:46:07,345 INFO: [Deblu..][epoch:  9, iter:  20,000, lr:(3.000e-04,)] [eta: 1 day, 20:15:12, time (data): 0.549 (0.001)] l_pix: 2.0140e-03 
2024-01-04 20:46:07,347 INFO: Saving models and training states.
2024-01-04 20:48:18,211 INFO: Validation ValSet,		 # psnr: 28.2546
2024-01-04 20:57:19,229 INFO: [Deblu..][epoch:  9, iter:  21,000, lr:(3.000e-04,)] [eta: 1 day, 20:28:30, time (data): 0.538 (0.001)] l_pix: 1.7182e-03 
2024-01-04 21:06:25,146 INFO: [Deblu..][epoch: 10, iter:  22,000, lr:(3.000e-04,)] [eta: 1 day, 20:13:03, time (data): 0.551 (0.002)] l_pix: 1.0619e-03 
2024-01-04 21:15:30,250 INFO: [Deblu..][epoch: 10, iter:  23,000, lr:(3.000e-04,)] [eta: 1 day, 19:57:59, time (data): 0.552 (0.002)] l_pix: 2.6978e-03 
2024-01-04 21:24:35,414 INFO: [Deblu..][epoch: 11, iter:  24,000, lr:(3.000e-04,)] [eta: 1 day, 19:43:26, time (data): 0.551 (0.001)] l_pix: 1.1299e-03 
2024-01-04 21:24:35,416 INFO: Saving models and training states.
2024-01-04 21:26:47,104 INFO: Validation ValSet,		 # psnr: 28.4271
2024-01-04 21:35:53,796 INFO: [Deblu..][epoch: 11, iter:  25,000, lr:(3.000e-04,)] [eta: 1 day, 19:53:45, time (data): 0.554 (0.001)] l_pix: 1.3547e-03 
2024-01-04 21:45:01,957 INFO: [Deblu..][epoch: 12, iter:  26,000, lr:(3.000e-04,)] [eta: 1 day, 19:39:31, time (data): 0.594 (0.002)] l_pix: 1.3348e-03 
2024-01-04 21:54:10,548 INFO: [Deblu..][epoch: 12, iter:  27,000, lr:(3.000e-04,)] [eta: 1 day, 19:25:44, time (data): 0.541 (0.001)] l_pix: 8.0602e-04 
2024-01-04 22:03:17,911 INFO: [Deblu..][epoch: 13, iter:  28,000, lr:(3.000e-04,)] [eta: 1 day, 19:12:05, time (data): 0.541 (0.003)] l_pix: 3.3647e-03 
2024-01-04 22:03:17,913 INFO: Saving models and training states.
2024-01-04 22:05:29,934 INFO: Validation ValSet,		 # psnr: 28.4980
2024-01-04 22:14:35,292 INFO: [Deblu..][epoch: 13, iter:  29,000, lr:(3.000e-04,)] [eta: 1 day, 19:19:00, time (data): 0.553 (0.003)] l_pix: 1.1843e-03 
2024-01-04 22:23:40,266 INFO: [Deblu..][epoch: 14, iter:  30,000, lr:(3.000e-04,)] [eta: 1 day, 19:04:51, time (data): 0.535 (0.001)] l_pix: 8.1171e-04 
2024-01-04 22:32:39,826 INFO: [Deblu..][epoch: 14, iter:  31,000, lr:(3.000e-04,)] [eta: 1 day, 18:50:14, time (data): 0.537 (0.001)] l_pix: 9.7001e-04 
2024-01-04 22:41:41,039 INFO: [Deblu..][epoch: 15, iter:  32,000, lr:(3.000e-04,)] [eta: 1 day, 18:36:12, time (data): 0.539 (0.001)] l_pix: 4.0790e-03 
2024-01-04 22:41:41,041 INFO: Saving models and training states.
2024-01-04 22:43:52,007 INFO: Validation ValSet,		 # psnr: 28.6941
2024-01-04 22:52:55,848 INFO: [Deblu..][epoch: 15, iter:  33,000, lr:(3.000e-04,)] [eta: 1 day, 18:40:29, time (data): 0.551 (0.001)] l_pix: 1.0474e-03 
2024-01-04 23:02:02,392 INFO: [Deblu..][epoch: 16, iter:  34,000, lr:(3.000e-04,)] [eta: 1 day, 18:27:08, time (data): 0.552 (0.002)] l_pix: 1.6609e-03 
2024-01-04 23:11:09,968 INFO: [Deblu..][epoch: 16, iter:  35,000, lr:(3.000e-04,)] [eta: 1 day, 18:14:09, time (data): 0.549 (0.001)] l_pix: 2.9605e-03 
2024-01-04 23:20:14,227 INFO: [Deblu..][epoch: 17, iter:  36,000, lr:(3.000e-04,)] [eta: 1 day, 18:00:59, time (data): 0.538 (0.001)] l_pix: 6.7661e-04 
2024-01-04 23:20:14,229 INFO: Saving models and training states.
2024-01-04 23:22:26,073 INFO: Validation ValSet,		 # psnr: 28.7173
2024-01-04 23:31:32,800 INFO: [Deblu..][epoch: 17, iter:  37,000, lr:(3.000e-04,)] [eta: 1 day, 18:03:57, time (data): 0.551 (0.002)] l_pix: 1.1751e-03 
2024-01-04 23:40:38,456 INFO: [Deblu..][epoch: 18, iter:  38,000, lr:(3.000e-04,)] [eta: 1 day, 17:50:53, time (data): 0.537 (0.001)] l_pix: 2.1846e-03 
2024-01-04 23:49:47,284 INFO: [Deblu..][epoch: 18, iter:  39,000, lr:(3.000e-04,)] [eta: 1 day, 17:38:23, time (data): 0.539 (0.001)] l_pix: 1.1005e-03 
2024-01-04 23:58:57,556 INFO: [Deblu..][epoch: 19, iter:  40,000, lr:(3.000e-04,)] [eta: 1 day, 17:26:12, time (data): 0.537 (0.001)] l_pix: 5.8098e-04 
2024-01-04 23:58:57,559 INFO: Saving models and training states.
2024-01-05 00:01:09,435 INFO: Validation ValSet,		 # psnr: 28.9224
2024-01-05 00:10:14,070 INFO: [Deblu..][epoch: 19, iter:  41,000, lr:(3.000e-04,)] [eta: 1 day, 17:27:28, time (data): 0.553 (0.002)] l_pix: 1.5250e-03 
2024-01-05 00:19:21,138 INFO: [Deblu..][epoch: 19, iter:  42,000, lr:(3.000e-04,)] [eta: 1 day, 17:14:52, time (data): 0.543 (0.003)] l_pix: 1.5177e-03 
2024-01-05 00:28:30,376 INFO: [Deblu..][epoch: 20, iter:  43,000, lr:(3.000e-04,)] [eta: 1 day, 17:02:39, time (data): 0.551 (0.001)] l_pix: 2.0713e-03 
2024-01-05 00:37:39,989 INFO: [Deblu..][epoch: 20, iter:  44,000, lr:(3.000e-04,)] [eta: 1 day, 16:50:37, time (data): 0.550 (0.001)] l_pix: 3.6743e-03 
2024-01-05 00:37:39,991 INFO: Saving models and training states.
2024-01-05 00:39:51,650 INFO: Validation ValSet,		 # psnr: 28.9586
2024-01-05 00:48:59,361 INFO: [Deblu..][epoch: 21, iter:  45,000, lr:(3.000e-04,)] [eta: 1 day, 16:50:58, time (data): 0.548 (0.001)] l_pix: 1.8328e-03 
2024-01-05 00:58:04,891 INFO: [Deblu..][epoch: 21, iter:  46,000, lr:(3.000e-04,)] [eta: 1 day, 16:38:29, time (data): 0.539 (0.001)] l_pix: 2.2306e-03 
2024-01-05 01:07:10,982 INFO: [Deblu..][epoch: 22, iter:  47,000, lr:(3.000e-04,)] [eta: 1 day, 16:26:12, time (data): 0.550 (0.001)] l_pix: 1.9699e-03 
2024-01-05 01:16:18,060 INFO: [Deblu..][epoch: 22, iter:  48,000, lr:(3.000e-04,)] [eta: 1 day, 16:14:08, time (data): 0.540 (0.001)] l_pix: 1.1673e-03 
2024-01-05 01:16:18,062 INFO: Saving models and training states.
2024-01-05 01:18:28,598 INFO: Validation ValSet,		 # psnr: 29.1246
2024-01-05 01:27:30,803 INFO: [Deblu..][epoch: 23, iter:  49,000, lr:(3.000e-04,)] [eta: 1 day, 16:12:55, time (data): 0.551 (0.003)] l_pix: 8.6995e-04 
2024-01-05 01:36:39,443 INFO: [Deblu..][epoch: 23, iter:  50,000, lr:(3.000e-04,)] [eta: 1 day, 16:00:57, time (data): 0.535 (0.001)] l_pix: 2.3737e-03 
2024-01-05 01:45:46,416 INFO: [Deblu..][epoch: 24, iter:  51,000, lr:(3.000e-04,)] [eta: 1 day, 15:48:58, time (data): 0.553 (0.003)] l_pix: 1.4566e-03 
2024-01-05 01:54:48,674 INFO: [Deblu..][epoch: 24, iter:  52,000, lr:(3.000e-04,)] [eta: 1 day, 15:36:43, time (data): 0.545 (0.001)] l_pix: 1.7469e-03 
2024-01-05 01:54:48,676 INFO: Saving models and training states.
2024-01-05 01:56:59,070 INFO: Validation ValSet,		 # psnr: 29.2520
2024-01-05 02:06:02,728 INFO: [Deblu..][epoch: 25, iter:  53,000, lr:(3.000e-04,)] [eta: 1 day, 15:34:49, time (data): 0.537 (0.002)] l_pix: 1.2357e-03 
2024-01-05 02:15:10,543 INFO: [Deblu..][epoch: 25, iter:  54,000, lr:(3.000e-04,)] [eta: 1 day, 15:23:00, time (data): 0.549 (0.001)] l_pix: 2.5345e-03 
2024-01-05 02:24:20,291 INFO: [Deblu..][epoch: 26, iter:  55,000, lr:(3.000e-04,)] [eta: 1 day, 15:11:25, time (data): 0.623 (0.001)] l_pix: 2.7499e-03 
2024-01-05 02:33:30,671 INFO: [Deblu..][epoch: 26, iter:  56,000, lr:(3.000e-04,)] [eta: 1 day, 14:59:58, time (data): 0.538 (0.002)] l_pix: 1.4395e-03 
2024-01-05 02:33:30,673 INFO: Saving models and training states.
2024-01-05 02:35:40,819 INFO: Validation ValSet,		 # psnr: 29.3111
2024-01-05 02:44:48,502 INFO: [Deblu..][epoch: 27, iter:  57,000, lr:(3.000e-04,)] [eta: 1 day, 14:57:40, time (data): 0.541 (0.003)] l_pix: 1.3576e-03 
2024-01-05 02:53:57,914 INFO: [Deblu..][epoch: 27, iter:  58,000, lr:(3.000e-04,)] [eta: 1 day, 14:46:07, time (data): 0.540 (0.003)] l_pix: 1.2325e-03 
2024-01-05 03:03:08,271 INFO: [Deblu..][epoch: 28, iter:  59,000, lr:(3.000e-04,)] [eta: 1 day, 14:34:42, time (data): 0.537 (0.001)] l_pix: 1.1086e-03 
2024-01-05 03:12:12,657 INFO: [Deblu..][epoch: 28, iter:  60,000, lr:(3.000e-04,)] [eta: 1 day, 14:22:58, time (data): 0.536 (0.001)] l_pix: 1.6096e-03 
2024-01-05 03:12:12,659 INFO: Saving models and training states.
2024-01-05 03:14:22,685 INFO: Validation ValSet,		 # psnr: 29.4009
2024-01-05 03:23:26,039 INFO: [Deblu..][epoch: 29, iter:  61,000, lr:(3.000e-04,)] [eta: 1 day, 14:19:45, time (data): 0.537 (0.002)] l_pix: 1.2312e-03 
2024-01-05 03:32:31,009 INFO: [Deblu..][epoch: 29, iter:  62,000, lr:(3.000e-04,)] [eta: 1 day, 14:08:03, time (data): 0.552 (0.002)] l_pix: 1.3336e-03 
2024-01-05 03:41:39,826 INFO: [Deblu..][epoch: 29, iter:  63,000, lr:(3.000e-04,)] [eta: 1 day, 13:56:41, time (data): 0.555 (0.001)] l_pix: 1.6248e-03 
2024-01-05 03:50:48,570 INFO: [Deblu..][epoch: 30, iter:  64,000, lr:(3.000e-04,)] [eta: 1 day, 13:45:23, time (data): 0.541 (0.001)] l_pix: 1.4121e-03 
2024-01-05 03:50:48,571 INFO: Saving models and training states.
2024-01-05 03:53:00,825 INFO: Validation ValSet,		 # psnr: 29.3681
2024-01-05 04:01:59,754 INFO: [Deblu..][epoch: 30, iter:  65,000, lr:(3.000e-04,)] [eta: 1 day, 13:41:31, time (data): 0.538 (0.001)] l_pix: 1.1453e-03 
2024-01-05 04:11:08,649 INFO: [Deblu..][epoch: 31, iter:  66,000, lr:(3.000e-04,)] [eta: 1 day, 13:30:13, time (data): 0.548 (0.001)] l_pix: 7.8570e-04 
2024-01-05 04:20:18,954 INFO: [Deblu..][epoch: 31, iter:  67,000, lr:(3.000e-04,)] [eta: 1 day, 13:19:03, time (data): 0.557 (0.005)] l_pix: 1.7515e-03 
2024-01-05 04:29:26,127 INFO: [Deblu..][epoch: 32, iter:  68,000, lr:(3.000e-04,)] [eta: 1 day, 13:07:46, time (data): 0.538 (0.001)] l_pix: 1.6542e-03 
2024-01-05 04:29:26,129 INFO: Saving models and training states.
2024-01-05 04:31:37,792 INFO: Validation ValSet,		 # psnr: 29.3001
2024-01-05 04:40:44,403 INFO: [Deblu..][epoch: 32, iter:  69,000, lr:(3.000e-04,)] [eta: 1 day, 13:03:52, time (data): 0.535 (0.001)] l_pix: 9.1230e-04 
2024-01-05 04:49:48,094 INFO: [Deblu..][epoch: 33, iter:  70,000, lr:(3.000e-04,)] [eta: 1 day, 12:52:23, time (data): 0.538 (0.001)] l_pix: 9.0268e-04 
2024-01-05 04:58:48,562 INFO: [Deblu..][epoch: 33, iter:  71,000, lr:(3.000e-04,)] [eta: 1 day, 12:40:47, time (data): 0.536 (0.001)] l_pix: 1.4498e-03 
2024-01-05 05:07:49,855 INFO: [Deblu..][epoch: 34, iter:  72,000, lr:(3.000e-04,)] [eta: 1 day, 12:29:19, time (data): 0.535 (0.001)] l_pix: 7.9035e-04 
2024-01-05 05:07:49,856 INFO: Saving models and training states.
2024-01-05 05:10:02,539 INFO: Validation ValSet,		 # psnr: 29.2720
2024-01-05 05:19:04,868 INFO: [Deblu..][epoch: 34, iter:  73,000, lr:(3.000e-04,)] [eta: 1 day, 12:24:50, time (data): 0.543 (0.002)] l_pix: 7.9789e-04 
2024-01-05 05:28:08,778 INFO: [Deblu..][epoch: 35, iter:  74,000, lr:(3.000e-04,)] [eta: 1 day, 12:13:30, time (data): 0.542 (0.002)] l_pix: 2.0460e-03 
2024-01-05 05:37:15,698 INFO: [Deblu..][epoch: 35, iter:  75,000, lr:(3.000e-04,)] [eta: 1 day, 12:02:23, time (data): 0.542 (0.001)] l_pix: 1.1374e-03 
2024-01-05 05:46:19,599 INFO: [Deblu..][epoch: 36, iter:  76,000, lr:(3.000e-04,)] [eta: 1 day, 11:51:09, time (data): 0.536 (0.003)] l_pix: 2.1661e-03 
2024-01-05 05:46:19,601 INFO: Saving models and training states.
2024-01-05 05:48:30,632 INFO: Validation ValSet,		 # psnr: 29.6007
2024-01-05 05:57:32,144 INFO: [Deblu..][epoch: 36, iter:  77,000, lr:(3.000e-04,)] [eta: 1 day, 11:46:12, time (data): 0.534 (0.001)] l_pix: 9.3842e-04 
2024-01-05 06:06:36,100 INFO: [Deblu..][epoch: 37, iter:  78,000, lr:(3.000e-04,)] [eta: 1 day, 11:34:59, time (data): 0.593 (0.050)] l_pix: 1.7649e-03 
2024-01-05 06:15:39,727 INFO: [Deblu..][epoch: 37, iter:  79,000, lr:(3.000e-04,)] [eta: 1 day, 11:23:49, time (data): 0.547 (0.001)] l_pix: 8.3490e-04 
2024-01-05 06:24:50,925 INFO: [Deblu..][epoch: 38, iter:  80,000, lr:(3.000e-04,)] [eta: 1 day, 11:13:02, time (data): 0.547 (0.001)] l_pix: 9.3556e-04 
2024-01-05 06:24:50,927 INFO: Saving models and training states.
2024-01-05 06:27:04,056 INFO: Validation ValSet,		 # psnr: 29.7017
2024-01-05 06:36:08,257 INFO: [Deblu..][epoch: 38, iter:  81,000, lr:(3.000e-04,)] [eta: 1 day, 11:07:59, time (data): 0.558 (0.001)] l_pix: 6.5819e-04 
2024-01-05 06:45:12,648 INFO: [Deblu..][epoch: 38, iter:  82,000, lr:(3.000e-04,)] [eta: 1 day, 10:56:54, time (data): 0.537 (0.001)] l_pix: 1.1166e-03 
2024-01-05 06:54:16,624 INFO: [Deblu..][epoch: 39, iter:  83,000, lr:(3.000e-04,)] [eta: 1 day, 10:45:50, time (data): 0.546 (0.001)] l_pix: 8.5902e-04 
2024-01-05 07:03:20,617 INFO: [Deblu..][epoch: 39, iter:  84,000, lr:(3.000e-04,)] [eta: 1 day, 10:34:49, time (data): 0.546 (0.001)] l_pix: 1.4014e-03 
2024-01-05 07:03:20,619 INFO: Saving models and training states.
2024-01-05 07:05:33,029 INFO: Validation ValSet,		 # psnr: 29.7210
2024-01-05 07:14:38,370 INFO: [Deblu..][epoch: 40, iter:  85,000, lr:(3.000e-04,)] [eta: 1 day, 10:29:29, time (data): 0.545 (0.002)] l_pix: 1.6471e-03 
2024-01-05 07:23:44,891 INFO: [Deblu..][epoch: 40, iter:  86,000, lr:(3.000e-04,)] [eta: 1 day, 10:18:34, time (data): 0.546 (0.002)] l_pix: 2.2343e-03 
2024-01-05 07:32:52,588 INFO: [Deblu..][epoch: 41, iter:  87,000, lr:(3.000e-04,)] [eta: 1 day, 10:07:45, time (data): 0.546 (0.002)] l_pix: 1.5398e-03 
2024-01-05 07:41:59,129 INFO: [Deblu..][epoch: 41, iter:  88,000, lr:(3.000e-04,)] [eta: 1 day, 9:56:55, time (data): 0.537 (0.002)] l_pix: 1.5132e-03 
2024-01-05 07:41:59,131 INFO: Saving models and training states.
2024-01-05 07:44:11,784 INFO: Validation ValSet,		 # psnr: 29.5430
2024-01-05 07:53:17,304 INFO: [Deblu..][epoch: 42, iter:  89,000, lr:(3.000e-04,)] [eta: 1 day, 9:51:20, time (data): 0.542 (0.004)] l_pix: 3.0321e-03 
2024-01-05 08:02:28,195 INFO: [Deblu..][epoch: 42, iter:  90,000, lr:(3.000e-04,)] [eta: 1 day, 9:40:40, time (data): 0.550 (0.002)] l_pix: 1.2936e-03 
2024-01-05 08:11:38,093 INFO: [Deblu..][epoch: 43, iter:  91,000, lr:(3.000e-04,)] [eta: 1 day, 9:29:59, time (data): 0.611 (0.001)] l_pix: 1.9913e-03 
2024-01-05 08:20:47,381 INFO: [Deblu..][epoch: 43, iter:  92,000, lr:(3.000e-04,)] [eta: 1 day, 9:19:20, time (data): 0.546 (0.001)] l_pix: 1.2071e-03 
2024-01-05 08:20:47,382 INFO: Saving models and training states.
2024-01-05 08:23:01,291 INFO: Validation ValSet,		 # psnr: 29.8099
2024-01-05 08:23:01,308 INFO: 
 Updating Patch_Size to 160 and Batch_Size to 5 

2024-01-05 09:06:51,280 INFO: [Deblu..][epoch: 44, iter:  93,000, lr:(3.000e-04,)] [eta: 1 day, 10:30:51, time (data): 2.662 (0.007)] l_pix: 7.2206e-04 
2024-01-05 09:50:25,571 INFO: [Deblu..][epoch: 44, iter:  94,000, lr:(2.999e-04,)] [eta: 1 day, 11:34:24, time (data): 2.553 (0.003)] l_pix: 7.8322e-04 
2024-01-05 10:33:37,125 INFO: [Deblu..][epoch: 45, iter:  95,000, lr:(2.998e-04,)] [eta: 1 day, 12:34:54, time (data): 2.494 (0.003)] l_pix: 8.0136e-04 
2024-01-05 11:16:34,116 INFO: [Deblu..][epoch: 45, iter:  96,000, lr:(2.997e-04,)] [eta: 1 day, 13:32:42, time (data): 2.628 (0.003)] l_pix: 8.2240e-04 
2024-01-05 11:16:34,117 INFO: Saving models and training states.
2024-01-05 11:18:45,884 INFO: Validation ValSet,		 # psnr: 29.5976
2024-01-05 12:01:18,428 INFO: [Deblu..][epoch: 46, iter:  97,000, lr:(2.996e-04,)] [eta: 1 day, 14:32:10, time (data): 2.446 (0.003)] l_pix: 4.5638e-04 
2024-01-05 12:42:43,912 INFO: [Deblu..][epoch: 46, iter:  98,000, lr:(2.994e-04,)] [eta: 1 day, 15:22:41, time (data): 2.438 (0.005)] l_pix: 1.6939e-03 
2024-01-05 13:24:21,146 INFO: [Deblu..][epoch: 47, iter:  99,000, lr:(2.992e-04,)] [eta: 1 day, 16:11:45, time (data): 2.434 (0.004)] l_pix: 1.1161e-03 
2024-01-05 14:05:56,630 INFO: [Deblu..][epoch: 47, iter: 100,000, lr:(2.989e-04,)] [eta: 1 day, 16:58:56, time (data): 2.461 (0.006)] l_pix: 1.6756e-03 
2024-01-05 14:05:56,634 INFO: Saving models and training states.
2024-01-05 14:08:11,668 INFO: Validation ValSet,		 # psnr: 29.7679
2024-01-05 14:49:54,775 INFO: [Deblu..][epoch: 48, iter: 101,000, lr:(2.986e-04,)] [eta: 1 day, 17:49:03, time (data): 2.452 (0.004)] l_pix: 1.3374e-03 
2024-01-05 15:31:13,924 INFO: [Deblu..][epoch: 48, iter: 102,000, lr:(2.983e-04,)] [eta: 1 day, 18:32:10, time (data): 2.434 (0.004)] l_pix: 3.4102e-04 
2024-01-05 16:12:32,932 INFO: [Deblu..][epoch: 48, iter: 103,000, lr:(2.979e-04,)] [eta: 1 day, 19:13:39, time (data): 2.416 (0.004)] l_pix: 2.2246e-03 
2024-01-05 16:53:34,699 INFO: [Deblu..][epoch: 49, iter: 104,000, lr:(2.976e-04,)] [eta: 1 day, 19:53:00, time (data): 2.418 (0.004)] l_pix: 1.0816e-03 
2024-01-05 16:53:34,701 INFO: Saving models and training states.
2024-01-05 16:55:46,264 INFO: Validation ValSet,		 # psnr: 29.6377
2024-01-05 17:36:44,474 INFO: [Deblu..][epoch: 49, iter: 105,000, lr:(2.971e-04,)] [eta: 1 day, 20:34:46, time (data): 2.423 (0.004)] l_pix: 1.5212e-03 
2024-01-05 18:18:10,235 INFO: [Deblu..][epoch: 50, iter: 106,000, lr:(2.967e-04,)] [eta: 1 day, 21:11:46, time (data): 2.528 (0.005)] l_pix: 2.2382e-03 
2024-01-05 19:00:52,050 INFO: [Deblu..][epoch: 50, iter: 107,000, lr:(2.962e-04,)] [eta: 1 day, 21:49:36, time (data): 2.582 (0.003)] l_pix: 3.7084e-03 
2024-01-05 19:43:39,293 INFO: [Deblu..][epoch: 51, iter: 108,000, lr:(2.957e-04,)] [eta: 1 day, 22:26:05, time (data): 2.472 (0.005)] l_pix: 1.0600e-03 
2024-01-05 19:43:39,295 INFO: Saving models and training states.
2024-01-05 19:45:51,434 INFO: Validation ValSet,		 # psnr: 30.0764
2024-01-05 20:28:51,226 INFO: [Deblu..][epoch: 51, iter: 109,000, lr:(2.951e-04,)] [eta: 1 day, 23:05:21, time (data): 2.466 (0.003)] l_pix: 1.5802e-03 
2024-01-05 21:11:43,009 INFO: [Deblu..][epoch: 52, iter: 110,000, lr:(2.945e-04,)] [eta: 1 day, 23:39:02, time (data): 2.434 (0.004)] l_pix: 1.3299e-03 
2024-01-05 21:54:46,260 INFO: [Deblu..][epoch: 52, iter: 111,000, lr:(2.939e-04,)] [eta: 2 days, 0:11:41, time (data): 2.556 (0.006)] l_pix: 1.0857e-03 
2024-01-05 22:37:38,925 INFO: [Deblu..][epoch: 53, iter: 112,000, lr:(2.932e-04,)] [eta: 2 days, 0:42:40, time (data): 2.534 (0.005)] l_pix: 1.0890e-03 
2024-01-05 22:37:38,926 INFO: Saving models and training states.
2024-01-05 22:39:50,735 INFO: Validation ValSet,		 # psnr: 29.8542
2024-01-05 23:22:31,826 INFO: [Deblu..][epoch: 53, iter: 113,000, lr:(2.925e-04,)] [eta: 2 days, 1:15:40, time (data): 2.577 (0.003)] l_pix: 4.9049e-04 
2024-01-06 00:05:25,096 INFO: [Deblu..][epoch: 54, iter: 114,000, lr:(2.918e-04,)] [eta: 2 days, 1:44:03, time (data): 2.438 (0.004)] l_pix: 7.8566e-04 
2024-01-06 00:48:06,041 INFO: [Deblu..][epoch: 54, iter: 115,000, lr:(2.911e-04,)] [eta: 2 days, 2:10:52, time (data): 2.527 (0.004)] l_pix: 5.6947e-04 
2024-01-06 01:30:54,223 INFO: [Deblu..][epoch: 55, iter: 116,000, lr:(2.903e-04,)] [eta: 2 days, 2:36:40, time (data): 2.575 (0.004)] l_pix: 1.4308e-03 
2024-01-06 01:30:54,225 INFO: Saving models and training states.
2024-01-06 01:33:07,549 INFO: Validation ValSet,		 # psnr: 30.0022
2024-01-06 02:16:05,876 INFO: [Deblu..][epoch: 55, iter: 117,000, lr:(2.895e-04,)] [eta: 2 days, 3:05:02, time (data): 2.501 (0.005)] l_pix: 1.4346e-03 
2024-01-06 02:59:05,359 INFO: [Deblu..][epoch: 56, iter: 118,000, lr:(2.886e-04,)] [eta: 2 days, 3:28:46, time (data): 2.465 (0.004)] l_pix: 9.5260e-04 
2024-01-06 03:42:19,903 INFO: [Deblu..][epoch: 56, iter: 119,000, lr:(2.877e-04,)] [eta: 2 days, 3:51:45, time (data): 2.512 (0.004)] l_pix: 6.9721e-04 
2024-01-06 04:25:29,802 INFO: [Deblu..][epoch: 57, iter: 120,000, lr:(2.868e-04,)] [eta: 2 days, 4:13:31, time (data): 2.474 (0.004)] l_pix: 1.8148e-04 
2024-01-06 04:25:29,804 INFO: Saving models and training states.
2024-01-06 04:27:41,262 INFO: Validation ValSet,		 # psnr: 30.1072
2024-01-06 05:10:50,170 INFO: [Deblu..][epoch: 57, iter: 121,000, lr:(2.859e-04,)] [eta: 2 days, 4:37:25, time (data): 2.567 (0.005)] l_pix: 7.4763e-04 
2024-01-06 05:54:07,808 INFO: [Deblu..][epoch: 58, iter: 122,000, lr:(2.849e-04,)] [eta: 2 days, 4:57:13, time (data): 2.545 (0.004)] l_pix: 1.9225e-03 
2024-01-06 06:37:19,586 INFO: [Deblu..][epoch: 58, iter: 123,000, lr:(2.839e-04,)] [eta: 2 days, 5:15:50, time (data): 2.496 (0.004)] l_pix: 4.0942e-04 
2024-01-06 07:20:33,911 INFO: [Deblu..][epoch: 58, iter: 124,000, lr:(2.829e-04,)] [eta: 2 days, 5:33:31, time (data): 2.560 (0.004)] l_pix: 6.7276e-04 
2024-01-06 07:20:33,912 INFO: Saving models and training states.
2024-01-06 07:22:44,989 INFO: Validation ValSet,		 # psnr: 30.2021
2024-01-06 08:05:54,313 INFO: [Deblu..][epoch: 59, iter: 125,000, lr:(2.818e-04,)] [eta: 2 days, 5:53:11, time (data): 2.531 (0.004)] l_pix: 2.2394e-03 
2024-01-06 08:49:02,250 INFO: [Deblu..][epoch: 59, iter: 126,000, lr:(2.807e-04,)] [eta: 2 days, 6:08:45, time (data): 3.155 (0.004)] l_pix: 8.1292e-04 
2024-01-06 09:32:10,881 INFO: [Deblu..][epoch: 60, iter: 127,000, lr:(2.796e-04,)] [eta: 2 days, 6:23:25, time (data): 2.503 (0.004)] l_pix: 4.7115e-04 
2024-01-06 10:15:18,333 INFO: [Deblu..][epoch: 60, iter: 128,000, lr:(2.784e-04,)] [eta: 2 days, 6:37:09, time (data): 2.413 (0.004)] l_pix: 1.5642e-03 
2024-01-06 10:15:18,334 INFO: Saving models and training states.
2024-01-06 10:17:29,741 INFO: Validation ValSet,		 # psnr: 30.1941
2024-01-06 11:00:46,548 INFO: [Deblu..][epoch: 61, iter: 129,000, lr:(2.773e-04,)] [eta: 2 days, 6:53:07, time (data): 2.487 (0.004)] l_pix: 1.0715e-03 
2024-01-06 11:43:51,812 INFO: [Deblu..][epoch: 61, iter: 130,000, lr:(2.760e-04,)] [eta: 2 days, 7:05:01, time (data): 2.542 (0.004)] l_pix: 1.1560e-03 
2024-01-06 12:27:02,565 INFO: [Deblu..][epoch: 62, iter: 131,000, lr:(2.748e-04,)] [eta: 2 days, 7:16:12, time (data): 3.067 (0.004)] l_pix: 1.2646e-03 
2024-01-06 13:10:11,815 INFO: [Deblu..][epoch: 62, iter: 132,000, lr:(2.735e-04,)] [eta: 2 days, 7:26:32, time (data): 2.591 (0.004)] l_pix: 8.8312e-04 
2024-01-06 13:10:11,816 INFO: Saving models and training states.
2024-01-06 13:12:22,664 INFO: Validation ValSet,		 # psnr: 30.1990
2024-01-06 13:55:23,190 INFO: [Deblu..][epoch: 63, iter: 133,000, lr:(2.722e-04,)] [eta: 2 days, 7:38:36, time (data): 2.479 (0.004)] l_pix: 9.0849e-04 
2024-01-06 14:38:32,583 INFO: [Deblu..][epoch: 63, iter: 134,000, lr:(2.709e-04,)] [eta: 2 days, 7:47:19, time (data): 2.532 (0.004)] l_pix: 5.7725e-04 
2024-01-06 15:21:43,932 INFO: [Deblu..][epoch: 64, iter: 135,000, lr:(2.696e-04,)] [eta: 2 days, 7:55:17, time (data): 2.626 (0.004)] l_pix: 2.1660e-03 
2024-01-06 16:04:47,176 INFO: [Deblu..][epoch: 64, iter: 136,000, lr:(2.682e-04,)] [eta: 2 days, 8:02:21, time (data): 2.563 (0.004)] l_pix: 1.1807e-03 
2024-01-06 16:04:47,178 INFO: Saving models and training states.
2024-01-06 16:06:58,134 INFO: Validation ValSet,		 # psnr: 30.3302
2024-01-06 16:50:10,458 INFO: [Deblu..][epoch: 65, iter: 137,000, lr:(2.668e-04,)] [eta: 2 days, 8:11:27, time (data): 2.618 (0.003)] l_pix: 4.4829e-04 
2024-01-06 17:32:30,533 INFO: [Deblu..][epoch: 65, iter: 138,000, lr:(2.653e-04,)] [eta: 2 days, 8:16:11, time (data): 2.502 (0.004)] l_pix: 1.6423e-03 
2024-01-06 18:14:36,920 INFO: [Deblu..][epoch: 66, iter: 139,000, lr:(2.639e-04,)] [eta: 2 days, 8:19:58, time (data): 2.537 (0.005)] l_pix: 8.4709e-04 
2024-01-06 18:56:45,274 INFO: [Deblu..][epoch: 66, iter: 140,000, lr:(2.624e-04,)] [eta: 2 days, 8:23:09, time (data): 2.450 (0.004)] l_pix: 1.6460e-03 
2024-01-06 18:56:45,275 INFO: Saving models and training states.
2024-01-06 18:58:57,927 INFO: Validation ValSet,		 # psnr: 30.1991
2024-01-06 19:41:22,003 INFO: [Deblu..][epoch: 67, iter: 141,000, lr:(2.609e-04,)] [eta: 2 days, 8:28:28, time (data): 2.510 (0.004)] l_pix: 1.2725e-03 
2024-01-06 20:23:45,789 INFO: [Deblu..][epoch: 67, iter: 142,000, lr:(2.594e-04,)] [eta: 2 days, 8:30:37, time (data): 2.519 (0.004)] l_pix: 1.7005e-03 
2024-01-06 21:06:05,553 INFO: [Deblu..][epoch: 67, iter: 143,000, lr:(2.578e-04,)] [eta: 2 days, 8:32:04, time (data): 2.548 (0.005)] l_pix: 1.1067e-03 
2024-01-06 21:48:24,017 INFO: [Deblu..][epoch: 68, iter: 144,000, lr:(2.562e-04,)] [eta: 2 days, 8:32:53, time (data): 2.482 (0.004)] l_pix: 5.8444e-04 
2024-01-06 21:48:24,019 INFO: Saving models and training states.
2024-01-06 21:50:36,434 INFO: Validation ValSet,		 # psnr: 30.2404
2024-01-06 22:32:31,545 INFO: [Deblu..][epoch: 68, iter: 145,000, lr:(2.546e-04,)] [eta: 2 days, 8:35:03, time (data): 2.543 (0.003)] l_pix: 1.5628e-03 
2024-01-06 23:14:36,160 INFO: [Deblu..][epoch: 69, iter: 146,000, lr:(2.530e-04,)] [eta: 2 days, 8:34:26, time (data): 2.475 (0.004)] l_pix: 1.0421e-03 
2024-01-06 23:56:40,423 INFO: [Deblu..][epoch: 69, iter: 147,000, lr:(2.513e-04,)] [eta: 2 days, 8:33:14, time (data): 2.468 (0.004)] l_pix: 7.0423e-04 
2024-01-07 00:38:46,697 INFO: [Deblu..][epoch: 70, iter: 148,000, lr:(2.496e-04,)] [eta: 2 days, 8:31:31, time (data): 2.605 (0.007)] l_pix: 6.5293e-04 
2024-01-07 00:38:46,698 INFO: Saving models and training states.
2024-01-07 00:40:57,723 INFO: Validation ValSet,		 # psnr: 30.3696
2024-01-07 01:22:53,554 INFO: [Deblu..][epoch: 70, iter: 149,000, lr:(2.479e-04,)] [eta: 2 days, 8:31:18, time (data): 2.462 (0.005)] l_pix: 1.8390e-03 
2024-01-07 02:04:52,477 INFO: [Deblu..][epoch: 71, iter: 150,000, lr:(2.462e-04,)] [eta: 2 days, 8:28:22, time (data): 2.552 (0.004)] l_pix: 6.0032e-04 
2024-01-07 02:46:42,035 INFO: [Deblu..][epoch: 71, iter: 151,000, lr:(2.445e-04,)] [eta: 2 days, 8:24:46, time (data): 2.426 (0.005)] l_pix: 1.0050e-03 
2024-01-07 03:28:44,930 INFO: [Deblu..][epoch: 72, iter: 152,000, lr:(2.427e-04,)] [eta: 2 days, 8:20:52, time (data): 2.520 (0.004)] l_pix: 1.1864e-03 
2024-01-07 03:28:44,932 INFO: Saving models and training states.
2024-01-07 03:30:55,896 INFO: Validation ValSet,		 # psnr: 30.3838
2024-01-07 04:12:47,706 INFO: [Deblu..][epoch: 72, iter: 153,000, lr:(2.409e-04,)] [eta: 2 days, 8:18:24, time (data): 2.579 (0.004)] l_pix: 7.1445e-04 
2024-01-07 04:54:37,143 INFO: [Deblu..][epoch: 73, iter: 154,000, lr:(2.391e-04,)] [eta: 2 days, 8:13:16, time (data): 2.435 (0.004)] l_pix: 7.0429e-04 
2024-01-07 05:36:12,002 INFO: [Deblu..][epoch: 73, iter: 155,000, lr:(2.373e-04,)] [eta: 2 days, 8:07:27, time (data): 2.446 (0.004)] l_pix: 2.2188e-03 
2024-01-07 06:17:55,020 INFO: [Deblu..][epoch: 74, iter: 156,000, lr:(2.354e-04,)] [eta: 2 days, 8:01:18, time (data): 2.605 (0.003)] l_pix: 6.3072e-04 
2024-01-07 06:17:55,021 INFO: Saving models and training states.
2024-01-07 06:20:06,180 INFO: Validation ValSet,		 # psnr: 30.5216
2024-01-07 06:20:06,185 INFO: 
 Updating Patch_Size to 192 and Batch_Size to 4 

2024-01-07 06:32:20,332 INFO: [Deblu..][epoch: 74, iter: 157,000, lr:(2.336e-04,)] [eta: 2 days, 7:29:50, time (data): 0.731 (0.004)] l_pix: 1.1906e-03 
2024-01-07 06:44:26,196 INFO: [Deblu..][epoch: 75, iter: 158,000, lr:(2.317e-04,)] [eta: 2 days, 6:56:29, time (data): 0.739 (0.004)] l_pix: 2.1487e-03 
2024-01-07 06:56:32,056 INFO: [Deblu..][epoch: 75, iter: 159,000, lr:(2.298e-04,)] [eta: 2 days, 6:23:25, time (data): 0.734 (0.005)] l_pix: 5.5826e-04 
2024-01-07 07:08:36,455 INFO: [Deblu..][epoch: 76, iter: 160,000, lr:(2.278e-04,)] [eta: 2 days, 5:50:35, time (data): 0.724 (0.004)] l_pix: 9.1813e-04 
2024-01-07 07:08:36,456 INFO: Saving models and training states.
2024-01-07 07:10:46,799 INFO: Validation ValSet,		 # psnr: 30.5098
2024-01-07 07:22:49,903 INFO: [Deblu..][epoch: 76, iter: 161,000, lr:(2.259e-04,)] [eta: 2 days, 5:19:52, time (data): 0.726 (0.004)] l_pix: 5.6344e-04 
2024-01-07 07:34:56,536 INFO: [Deblu..][epoch: 77, iter: 162,000, lr:(2.239e-04,)] [eta: 2 days, 4:47:33, time (data): 0.728 (0.004)] l_pix: 8.3923e-04 
2024-01-07 07:47:07,376 INFO: [Deblu..][epoch: 77, iter: 163,000, lr:(2.220e-04,)] [eta: 2 days, 4:15:33, time (data): 0.736 (0.004)] l_pix: 3.2746e-04 
2024-01-07 07:59:14,813 INFO: [Deblu..][epoch: 77, iter: 164,000, lr:(2.200e-04,)] [eta: 2 days, 3:43:44, time (data): 0.725 (0.005)] l_pix: 7.4921e-04 
2024-01-07 07:59:14,815 INFO: Saving models and training states.
2024-01-07 08:01:25,488 INFO: Validation ValSet,		 # psnr: 30.6782
2024-01-07 08:13:34,368 INFO: [Deblu..][epoch: 78, iter: 165,000, lr:(2.180e-04,)] [eta: 2 days, 3:13:57, time (data): 0.731 (0.005)] l_pix: 3.3554e-04 
2024-01-07 08:25:43,373 INFO: [Deblu..][epoch: 78, iter: 166,000, lr:(2.159e-04,)] [eta: 2 days, 2:42:37, time (data): 0.735 (0.005)] l_pix: 4.4271e-04 
2024-01-07 08:37:53,663 INFO: [Deblu..][epoch: 79, iter: 167,000, lr:(2.139e-04,)] [eta: 2 days, 2:11:31, time (data): 0.737 (0.004)] l_pix: 9.4124e-04 
2024-01-07 08:50:02,690 INFO: [Deblu..][epoch: 79, iter: 168,000, lr:(2.119e-04,)] [eta: 2 days, 1:40:38, time (data): 0.731 (0.005)] l_pix: 4.4263e-04 
2024-01-07 08:50:02,691 INFO: Saving models and training states.
2024-01-07 08:52:13,690 INFO: Validation ValSet,		 # psnr: 30.7244
2024-01-07 09:04:20,243 INFO: [Deblu..][epoch: 80, iter: 169,000, lr:(2.098e-04,)] [eta: 2 days, 1:11:37, time (data): 0.724 (0.005)] l_pix: 5.9975e-04 
2024-01-07 09:16:25,560 INFO: [Deblu..][epoch: 80, iter: 170,000, lr:(2.077e-04,)] [eta: 2 days, 0:41:06, time (data): 0.727 (0.004)] l_pix: 7.9212e-04 
2024-01-07 09:28:32,608 INFO: [Deblu..][epoch: 81, iter: 171,000, lr:(2.056e-04,)] [eta: 2 days, 0:10:50, time (data): 0.729 (0.007)] l_pix: 6.8367e-04 
2024-01-07 09:40:40,167 INFO: [Deblu..][epoch: 81, iter: 172,000, lr:(2.035e-04,)] [eta: 1 day, 23:40:46, time (data): 0.734 (0.007)] l_pix: 9.4049e-04 
2024-01-07 09:40:40,169 INFO: Saving models and training states.
2024-01-07 09:42:50,583 INFO: Validation ValSet,		 # psnr: 30.7163
2024-01-07 09:54:58,165 INFO: [Deblu..][epoch: 82, iter: 173,000, lr:(2.014e-04,)] [eta: 1 day, 23:12:30, time (data): 0.726 (0.004)] l_pix: 1.0653e-03 
2024-01-07 10:07:06,056 INFO: [Deblu..][epoch: 82, iter: 174,000, lr:(1.993e-04,)] [eta: 1 day, 22:42:50, time (data): 0.733 (0.004)] l_pix: 8.5103e-04 
2024-01-07 10:19:13,040 INFO: [Deblu..][epoch: 83, iter: 175,000, lr:(1.971e-04,)] [eta: 1 day, 22:13:21, time (data): 0.721 (0.004)] l_pix: 8.5085e-04 
2024-01-07 10:31:20,531 INFO: [Deblu..][epoch: 83, iter: 176,000, lr:(1.950e-04,)] [eta: 1 day, 21:44:05, time (data): 0.722 (0.005)] l_pix: 8.5654e-04 
2024-01-07 10:31:20,533 INFO: Saving models and training states.
2024-01-07 10:33:31,271 INFO: Validation ValSet,		 # psnr: 30.7113
2024-01-07 10:45:38,561 INFO: [Deblu..][epoch: 84, iter: 177,000, lr:(1.928e-04,)] [eta: 1 day, 21:16:31, time (data): 0.728 (0.005)] l_pix: 9.7794e-04 
2024-01-07 10:57:46,474 INFO: [Deblu..][epoch: 84, iter: 178,000, lr:(1.906e-04,)] [eta: 1 day, 20:47:36, time (data): 0.735 (0.004)] l_pix: 5.6864e-04 
2024-01-07 11:09:54,727 INFO: [Deblu..][epoch: 85, iter: 179,000, lr:(1.885e-04,)] [eta: 1 day, 20:18:53, time (data): 0.726 (0.005)] l_pix: 2.2510e-03 
2024-01-07 11:22:00,426 INFO: [Deblu..][epoch: 85, iter: 180,000, lr:(1.863e-04,)] [eta: 1 day, 19:50:19, time (data): 0.723 (0.005)] l_pix: 4.2612e-04 
2024-01-07 11:22:00,428 INFO: Saving models and training states.
2024-01-07 11:24:11,046 INFO: Validation ValSet,		 # psnr: 30.8128
2024-01-07 11:36:16,484 INFO: [Deblu..][epoch: 86, iter: 181,000, lr:(1.841e-04,)] [eta: 1 day, 19:23:22, time (data): 0.721 (0.003)] l_pix: 8.6638e-04 
2024-01-07 11:48:21,668 INFO: [Deblu..][epoch: 86, iter: 182,000, lr:(1.819e-04,)] [eta: 1 day, 18:55:09, time (data): 0.719 (0.003)] l_pix: 5.9890e-04 
2024-01-07 12:00:25,613 INFO: [Deblu..][epoch: 87, iter: 183,000, lr:(1.797e-04,)] [eta: 1 day, 18:27:05, time (data): 0.722 (0.004)] l_pix: 5.0398e-04 
2024-01-07 12:12:32,917 INFO: [Deblu..][epoch: 87, iter: 184,000, lr:(1.775e-04,)] [eta: 1 day, 17:59:14, time (data): 0.729 (0.004)] l_pix: 2.0620e-03 
2024-01-07 12:12:32,920 INFO: Saving models and training states.
2024-01-07 12:14:44,785 INFO: Validation ValSet,		 # psnr: 30.9187
2024-01-07 12:26:50,016 INFO: [Deblu..][epoch: 87, iter: 185,000, lr:(1.752e-04,)] [eta: 1 day, 17:32:54, time (data): 0.725 (0.003)] l_pix: 1.3348e-03 
2024-01-07 12:39:00,660 INFO: [Deblu..][epoch: 88, iter: 186,000, lr:(1.730e-04,)] [eta: 1 day, 17:05:24, time (data): 0.733 (0.006)] l_pix: 1.1068e-03 
2024-01-07 12:51:10,562 INFO: [Deblu..][epoch: 88, iter: 187,000, lr:(1.708e-04,)] [eta: 1 day, 16:38:03, time (data): 0.728 (0.005)] l_pix: 3.6829e-04 
2024-01-07 13:03:21,499 INFO: [Deblu..][epoch: 89, iter: 188,000, lr:(1.685e-04,)] [eta: 1 day, 16:10:53, time (data): 0.724 (0.005)] l_pix: 1.0867e-03 
2024-01-07 13:03:21,501 INFO: Saving models and training states.
2024-01-07 13:05:31,786 INFO: Validation ValSet,		 # psnr: 30.9313
2024-01-07 13:17:37,654 INFO: [Deblu..][epoch: 89, iter: 189,000, lr:(1.663e-04,)] [eta: 1 day, 15:45:05, time (data): 0.736 (0.005)] l_pix: 5.9143e-04 
2024-01-07 13:29:46,047 INFO: [Deblu..][epoch: 90, iter: 190,000, lr:(1.640e-04,)] [eta: 1 day, 15:18:12, time (data): 0.725 (0.004)] l_pix: 1.5904e-03 
2024-01-07 13:41:54,387 INFO: [Deblu..][epoch: 90, iter: 191,000, lr:(1.618e-04,)] [eta: 1 day, 14:51:27, time (data): 0.723 (0.004)] l_pix: 7.1896e-04 
2024-01-07 13:54:01,928 INFO: [Deblu..][epoch: 91, iter: 192,000, lr:(1.595e-04,)] [eta: 1 day, 14:24:51, time (data): 0.731 (0.005)] l_pix: 3.6886e-04 
2024-01-07 13:54:01,930 INFO: Saving models and training states.
2024-01-07 13:56:13,468 INFO: Validation ValSet,		 # psnr: 30.9836
2024-01-07 14:08:17,289 INFO: [Deblu..][epoch: 91, iter: 193,000, lr:(1.573e-04,)] [eta: 1 day, 13:59:35, time (data): 0.723 (0.003)] l_pix: 6.9672e-04 
2024-01-07 14:20:23,575 INFO: [Deblu..][epoch: 92, iter: 194,000, lr:(1.550e-04,)] [eta: 1 day, 13:33:15, time (data): 0.732 (0.005)] l_pix: 3.5776e-04 
2024-01-07 14:32:29,500 INFO: [Deblu..][epoch: 92, iter: 195,000, lr:(1.528e-04,)] [eta: 1 day, 13:07:03, time (data): 0.721 (0.004)] l_pix: 1.5312e-03 
2024-01-07 14:44:34,412 INFO: [Deblu..][epoch: 93, iter: 196,000, lr:(1.505e-04,)] [eta: 1 day, 12:41:00, time (data): 0.732 (0.006)] l_pix: 6.7155e-04 
2024-01-07 14:44:34,414 INFO: Saving models and training states.
2024-01-07 14:46:44,993 INFO: Validation ValSet,		 # psnr: 31.0491
2024-01-07 14:58:50,653 INFO: [Deblu..][epoch: 93, iter: 197,000, lr:(1.482e-04,)] [eta: 1 day, 12:16:14, time (data): 0.719 (0.003)] l_pix: 5.5604e-04 
2024-01-07 15:10:59,905 INFO: [Deblu..][epoch: 94, iter: 198,000, lr:(1.460e-04,)] [eta: 1 day, 11:50:29, time (data): 0.721 (0.004)] l_pix: 7.3020e-04 
2024-01-07 15:23:08,000 INFO: [Deblu..][epoch: 94, iter: 199,000, lr:(1.437e-04,)] [eta: 1 day, 11:24:51, time (data): 0.730 (0.003)] l_pix: 8.7906e-04 
2024-01-07 15:35:16,609 INFO: [Deblu..][epoch: 95, iter: 200,000, lr:(1.415e-04,)] [eta: 1 day, 10:59:22, time (data): 0.726 (0.006)] l_pix: 4.8772e-04 
2024-01-07 15:35:16,611 INFO: Saving models and training states.
2024-01-07 15:37:29,887 INFO: Validation ValSet,		 # psnr: 30.9602
2024-01-07 15:49:36,764 INFO: [Deblu..][epoch: 95, iter: 201,000, lr:(1.392e-04,)] [eta: 1 day, 10:35:06, time (data): 0.724 (0.003)] l_pix: 8.7376e-04 
2024-01-07 16:01:44,219 INFO: [Deblu..][epoch: 96, iter: 202,000, lr:(1.370e-04,)] [eta: 1 day, 10:09:51, time (data): 0.736 (0.005)] l_pix: 1.6455e-03 
2024-01-07 16:13:47,910 INFO: [Deblu..][epoch: 96, iter: 203,000, lr:(1.347e-04,)] [eta: 1 day, 9:44:42, time (data): 0.722 (0.003)] l_pix: 8.9537e-04 
2024-01-07 16:25:52,439 INFO: [Deblu..][epoch: 97, iter: 204,000, lr:(1.325e-04,)] [eta: 1 day, 9:19:41, time (data): 0.720 (0.003)] l_pix: 2.1557e-04 
2024-01-07 16:25:52,441 INFO: Saving models and training states.
2024-01-07 16:28:03,837 INFO: Validation ValSet,		 # psnr: 31.0409
2024-01-07 16:28:03,843 INFO: 
 Updating Patch_Size to 256 and Batch_Size to 1 

2024-01-07 16:35:10,033 INFO: [Deblu..][epoch: 97, iter: 205,000, lr:(1.302e-04,)] [eta: 1 day, 8:53:31, time (data): 0.427 (0.005)] l_pix: 2.9050e-03 
2024-01-07 16:42:11,240 INFO: [Deblu..][epoch: 97, iter: 206,000, lr:(1.280e-04,)] [eta: 1 day, 8:26:28, time (data): 0.426 (0.005)] l_pix: 1.9147e-03 
2024-01-07 16:49:07,713 INFO: [Deblu..][epoch: 98, iter: 207,000, lr:(1.258e-04,)] [eta: 1 day, 7:59:34, time (data): 0.436 (0.004)] l_pix: 1.8386e-04 
2024-01-07 16:56:01,966 INFO: [Deblu..][epoch: 98, iter: 208,000, lr:(1.236e-04,)] [eta: 1 day, 7:32:51, time (data): 0.557 (0.005)] l_pix: 5.2090e-04 
2024-01-07 16:56:01,967 INFO: Saving models and training states.
2024-01-07 16:58:12,928 INFO: Validation ValSet,		 # psnr: 30.9420
2024-01-07 17:05:21,045 INFO: [Deblu..][epoch: 99, iter: 209,000, lr:(1.213e-04,)] [eta: 1 day, 7:07:23, time (data): 0.419 (0.003)] l_pix: 5.4066e-04 
2024-01-07 17:12:31,758 INFO: [Deblu..][epoch: 99, iter: 210,000, lr:(1.191e-04,)] [eta: 1 day, 6:41:08, time (data): 0.435 (0.004)] l_pix: 3.9280e-04 
2024-01-07 17:19:47,143 INFO: [Deblu..][epoch:100, iter: 211,000, lr:(1.169e-04,)] [eta: 1 day, 6:15:07, time (data): 0.438 (0.007)] l_pix: 9.3041e-04 
2024-01-07 17:27:02,069 INFO: [Deblu..][epoch:100, iter: 212,000, lr:(1.147e-04,)] [eta: 1 day, 5:49:16, time (data): 0.427 (0.004)] l_pix: 7.3432e-04 
2024-01-07 17:27:02,070 INFO: Saving models and training states.
2024-01-07 17:29:14,105 INFO: Validation ValSet,		 # psnr: 30.9347
2024-01-07 17:36:12,618 INFO: [Deblu..][epoch:101, iter: 213,000, lr:(1.125e-04,)] [eta: 1 day, 5:24:22, time (data): 0.435 (0.003)] l_pix: 2.8035e-04 
2024-01-07 17:43:15,722 INFO: [Deblu..][epoch:101, iter: 214,000, lr:(1.104e-04,)] [eta: 1 day, 4:58:46, time (data): 0.421 (0.004)] l_pix: 4.0986e-04 
2024-01-07 17:50:19,500 INFO: [Deblu..][epoch:102, iter: 215,000, lr:(1.082e-04,)] [eta: 1 day, 4:33:21, time (data): 0.420 (0.003)] l_pix: 4.6102e-04 
2024-01-07 17:57:24,219 INFO: [Deblu..][epoch:102, iter: 216,000, lr:(1.060e-04,)] [eta: 1 day, 4:08:07, time (data): 0.409 (0.003)] l_pix: 6.2205e-04 
2024-01-07 17:57:24,221 INFO: Saving models and training states.
2024-01-07 17:59:36,565 INFO: Validation ValSet,		 # psnr: 31.0179
2024-01-07 18:06:36,391 INFO: [Deblu..][epoch:103, iter: 217,000, lr:(1.039e-04,)] [eta: 1 day, 3:43:51, time (data): 0.426 (0.003)] l_pix: 1.9125e-03 
2024-01-07 18:13:39,653 INFO: [Deblu..][epoch:103, iter: 218,000, lr:(1.017e-04,)] [eta: 1 day, 3:18:55, time (data): 0.414 (0.003)] l_pix: 4.1121e-04 
2024-01-07 18:20:42,222 INFO: [Deblu..][epoch:104, iter: 219,000, lr:(9.961e-05,)] [eta: 1 day, 2:54:08, time (data): 0.413 (0.004)] l_pix: 4.5270e-04 
2024-01-07 18:27:47,091 INFO: [Deblu..][epoch:104, iter: 220,000, lr:(9.749e-05,)] [eta: 1 day, 2:29:32, time (data): 0.405 (0.003)] l_pix: 5.2443e-04 
2024-01-07 18:27:47,093 INFO: Saving models and training states.
2024-01-07 18:29:58,316 INFO: Validation ValSet,		 # psnr: 31.1370
2024-01-07 18:37:02,488 INFO: [Deblu..][epoch:105, iter: 221,000, lr:(9.538e-05,)] [eta: 1 day, 2:05:53, time (data): 0.417 (0.004)] l_pix: 8.1413e-06 
2024-01-07 18:44:08,272 INFO: [Deblu..][epoch:105, iter: 222,000, lr:(9.329e-05,)] [eta: 1 day, 1:41:35, time (data): 0.429 (0.005)] l_pix: 1.3171e-03 
2024-01-07 18:51:11,898 INFO: [Deblu..][epoch:106, iter: 223,000, lr:(9.121e-05,)] [eta: 1 day, 1:17:26, time (data): 0.412 (0.003)] l_pix: 5.0857e-04 
2024-01-07 18:58:08,013 INFO: [Deblu..][epoch:106, iter: 224,000, lr:(8.915e-05,)] [eta: 1 day, 0:53:24, time (data): 0.430 (0.004)] l_pix: 2.2020e-04 
2024-01-07 18:58:08,014 INFO: Saving models and training states.
2024-01-07 19:00:19,104 INFO: Validation ValSet,		 # psnr: 31.1556
2024-01-07 19:07:15,263 INFO: [Deblu..][epoch:106, iter: 225,000, lr:(8.709e-05,)] [eta: 1 day, 0:30:14, time (data): 0.417 (0.003)] l_pix: 3.6736e-04 
2024-01-07 19:14:14,735 INFO: [Deblu..][epoch:107, iter: 226,000, lr:(8.506e-05,)] [eta: 1 day, 0:06:30, time (data): 0.420 (0.005)] l_pix: 1.0440e-03 
2024-01-07 19:21:16,480 INFO: [Deblu..][epoch:107, iter: 227,000, lr:(8.303e-05,)] [eta: 23:42:56, time (data): 0.419 (0.004)] l_pix: 2.0953e-04 
2024-01-07 19:28:15,114 INFO: [Deblu..][epoch:108, iter: 228,000, lr:(8.103e-05,)] [eta: 23:19:29, time (data): 0.421 (0.005)] l_pix: 2.9816e-04 
2024-01-07 19:28:15,115 INFO: Saving models and training states.
2024-01-07 19:30:25,907 INFO: Validation ValSet,		 # psnr: 31.1712
2024-01-07 19:37:22,231 INFO: [Deblu..][epoch:108, iter: 229,000, lr:(7.903e-05,)] [eta: 22:56:51, time (data): 0.420 (0.004)] l_pix: 4.7452e-04 
2024-01-07 19:44:21,621 INFO: [Deblu..][epoch:109, iter: 230,000, lr:(7.706e-05,)] [eta: 22:33:41, time (data): 0.414 (0.003)] l_pix: 4.0607e-04 
2024-01-07 19:51:19,318 INFO: [Deblu..][epoch:109, iter: 231,000, lr:(7.510e-05,)] [eta: 22:10:38, time (data): 0.407 (0.003)] l_pix: 2.1232e-03 
2024-01-07 19:58:20,430 INFO: [Deblu..][epoch:110, iter: 232,000, lr:(7.316e-05,)] [eta: 21:47:46, time (data): 0.404 (0.003)] l_pix: 4.0136e-03 
2024-01-07 19:58:20,431 INFO: Saving models and training states.
2024-01-07 20:00:31,167 INFO: Validation ValSet,		 # psnr: 31.2910
2024-01-07 20:07:29,408 INFO: [Deblu..][epoch:110, iter: 233,000, lr:(7.124e-05,)] [eta: 21:25:38, time (data): 0.403 (0.003)] l_pix: 1.4046e-04 
2024-01-07 20:14:31,381 INFO: [Deblu..][epoch:111, iter: 234,000, lr:(6.933e-05,)] [eta: 21:03:01, time (data): 0.411 (0.003)] l_pix: 3.0671e-03 
2024-01-07 20:21:30,470 INFO: [Deblu..][epoch:111, iter: 235,000, lr:(6.744e-05,)] [eta: 20:40:31, time (data): 0.461 (0.003)] l_pix: 2.9665e-04 
2024-01-07 20:28:33,225 INFO: [Deblu..][epoch:112, iter: 236,000, lr:(6.558e-05,)] [eta: 20:18:10, time (data): 0.421 (0.003)] l_pix: 8.3801e-04 
2024-01-07 20:28:33,227 INFO: Saving models and training states.
2024-01-07 20:30:44,114 INFO: Validation ValSet,		 # psnr: 31.2726
2024-01-07 20:37:38,029 INFO: [Deblu..][epoch:112, iter: 237,000, lr:(6.373e-05,)] [eta: 19:56:29, time (data): 0.403 (0.004)] l_pix: 1.6905e-04 
2024-01-07 20:44:31,932 INFO: [Deblu..][epoch:113, iter: 238,000, lr:(6.190e-05,)] [eta: 19:34:20, time (data): 0.405 (0.004)] l_pix: 6.6389e-04 
2024-01-07 20:51:26,636 INFO: [Deblu..][epoch:113, iter: 239,000, lr:(6.009e-05,)] [eta: 19:12:20, time (data): 0.406 (0.004)] l_pix: 2.2623e-04 
2024-01-07 20:58:26,047 INFO: [Deblu..][epoch:114, iter: 240,000, lr:(5.830e-05,)] [eta: 18:50:28, time (data): 0.407 (0.003)] l_pix: 1.4097e-04 
2024-01-07 20:58:26,049 INFO: Saving models and training states.
2024-01-07 21:00:36,407 INFO: Validation ValSet,		 # psnr: 31.3304
2024-01-07 21:00:36,416 INFO: 
 Updating Patch_Size to 320 and Batch_Size to 1 

2024-01-07 21:10:44,084 INFO: [Deblu..][epoch:114, iter: 241,000, lr:(5.654e-05,)] [eta: 18:30:01, time (data): 0.582 (0.003)] l_pix: 2.5037e-04 
2024-01-07 21:20:35,119 INFO: [Deblu..][epoch:115, iter: 242,000, lr:(5.479e-05,)] [eta: 18:09:03, time (data): 0.588 (0.005)] l_pix: 7.3117e-04 
2024-01-07 21:30:28,532 INFO: [Deblu..][epoch:115, iter: 243,000, lr:(5.307e-05,)] [eta: 17:48:12, time (data): 0.596 (0.003)] l_pix: 8.0689e-04 
2024-01-07 21:40:20,248 INFO: [Deblu..][epoch:116, iter: 244,000, lr:(5.136e-05,)] [eta: 17:27:25, time (data): 0.582 (0.003)] l_pix: 4.3101e-04 
2024-01-07 21:40:20,250 INFO: Saving models and training states.
2024-01-07 21:42:30,727 INFO: Validation ValSet,		 # psnr: 31.3205
2024-01-07 21:52:21,337 INFO: [Deblu..][epoch:116, iter: 245,000, lr:(4.969e-05,)] [eta: 17:07:13, time (data): 0.581 (0.003)] l_pix: 1.5469e-03 
2024-01-07 22:02:11,363 INFO: [Deblu..][epoch:116, iter: 246,000, lr:(4.803e-05,)] [eta: 16:46:36, time (data): 0.581 (0.003)] l_pix: 7.5491e-04 
2024-01-07 22:12:04,570 INFO: [Deblu..][epoch:117, iter: 247,000, lr:(4.640e-05,)] [eta: 16:26:04, time (data): 0.593 (0.003)] l_pix: 1.2139e-04 
2024-01-07 22:21:55,167 INFO: [Deblu..][epoch:117, iter: 248,000, lr:(4.479e-05,)] [eta: 16:05:38, time (data): 0.581 (0.003)] l_pix: 8.4528e-05 
2024-01-07 22:21:55,168 INFO: Saving models and training states.
2024-01-07 22:24:06,244 INFO: Validation ValSet,		 # psnr: 31.3958
2024-01-07 22:33:56,274 INFO: [Deblu..][epoch:118, iter: 249,000, lr:(4.320e-05,)] [eta: 15:45:43, time (data): 0.584 (0.004)] l_pix: 5.7694e-04 
2024-01-07 22:43:47,375 INFO: [Deblu..][epoch:118, iter: 250,000, lr:(4.164e-05,)] [eta: 15:25:26, time (data): 0.581 (0.003)] l_pix: 3.9293e-04 
2024-01-07 22:53:42,366 INFO: [Deblu..][epoch:119, iter: 251,000, lr:(4.011e-05,)] [eta: 15:05:15, time (data): 0.584 (0.003)] l_pix: 5.4584e-04 
2024-01-07 23:03:35,743 INFO: [Deblu..][epoch:119, iter: 252,000, lr:(3.860e-05,)] [eta: 14:45:08, time (data): 0.632 (0.004)] l_pix: 3.7348e-04 
2024-01-07 23:03:35,745 INFO: Saving models and training states.
2024-01-07 23:05:47,724 INFO: Validation ValSet,		 # psnr: 31.3714
2024-01-07 23:15:40,713 INFO: [Deblu..][epoch:120, iter: 253,000, lr:(3.711e-05,)] [eta: 14:25:31, time (data): 0.589 (0.004)] l_pix: 5.0213e-03 
2024-01-07 23:25:39,972 INFO: [Deblu..][epoch:120, iter: 254,000, lr:(3.566e-05,)] [eta: 14:05:35, time (data): 0.585 (0.003)] l_pix: 6.2125e-04 
2024-01-07 23:35:34,476 INFO: [Deblu..][epoch:121, iter: 255,000, lr:(3.422e-05,)] [eta: 13:45:42, time (data): 0.586 (0.003)] l_pix: 6.2965e-04 
2024-01-07 23:45:26,815 INFO: [Deblu..][epoch:121, iter: 256,000, lr:(3.282e-05,)] [eta: 13:25:53, time (data): 0.585 (0.003)] l_pix: 2.1750e-03 
2024-01-07 23:45:26,816 INFO: Saving models and training states.
2024-01-07 23:47:37,410 INFO: Validation ValSet,		 # psnr: 31.4323
2024-01-07 23:57:31,346 INFO: [Deblu..][epoch:122, iter: 257,000, lr:(3.144e-05,)] [eta: 13:06:32, time (data): 0.583 (0.003)] l_pix: 3.3029e-04 
2024-01-08 00:07:23,947 INFO: [Deblu..][epoch:122, iter: 258,000, lr:(3.009e-05,)] [eta: 12:46:52, time (data): 0.582 (0.003)] l_pix: 8.5768e-04 
2024-01-08 00:17:17,716 INFO: [Deblu..][epoch:123, iter: 259,000, lr:(2.876e-05,)] [eta: 12:27:17, time (data): 0.583 (0.003)] l_pix: 1.0424e-03 
2024-01-08 00:27:13,827 INFO: [Deblu..][epoch:123, iter: 260,000, lr:(2.747e-05,)] [eta: 12:07:47, time (data): 0.620 (0.003)] l_pix: 1.7053e-03 
2024-01-08 00:27:13,828 INFO: Saving models and training states.
2024-01-08 00:29:24,080 INFO: Validation ValSet,		 # psnr: 31.4530
2024-01-08 00:39:19,985 INFO: [Deblu..][epoch:124, iter: 261,000, lr:(2.620e-05,)] [eta: 11:48:41, time (data): 0.589 (0.004)] l_pix: 3.1169e-04 
2024-01-08 00:49:16,907 INFO: [Deblu..][epoch:124, iter: 262,000, lr:(2.496e-05,)] [eta: 11:29:19, time (data): 0.584 (0.003)] l_pix: 1.8376e-04 
2024-01-08 00:59:13,649 INFO: [Deblu..][epoch:125, iter: 263,000, lr:(2.374e-05,)] [eta: 11:10:01, time (data): 0.590 (0.004)] l_pix: 7.0580e-04 
2024-01-08 01:09:16,516 INFO: [Deblu..][epoch:125, iter: 264,000, lr:(2.256e-05,)] [eta: 10:50:49, time (data): 0.607 (0.005)] l_pix: 3.5131e-04 
2024-01-08 01:09:16,519 INFO: Saving models and training states.
2024-01-08 01:11:29,805 INFO: Validation ValSet,		 # psnr: 31.5168
2024-01-08 01:21:28,927 INFO: [Deblu..][epoch:126, iter: 265,000, lr:(2.141e-05,)] [eta: 10:31:57, time (data): 0.585 (0.003)] l_pix: 1.0891e-03 
2024-01-08 01:31:24,129 INFO: [Deblu..][epoch:126, iter: 266,000, lr:(2.028e-05,)] [eta: 10:12:52, time (data): 0.594 (0.005)] l_pix: 8.9853e-04 
2024-01-08 01:41:22,880 INFO: [Deblu..][epoch:126, iter: 267,000, lr:(1.919e-05,)] [eta: 9:53:50, time (data): 0.599 (0.007)] l_pix: 5.6677e-04 
2024-01-08 01:51:21,579 INFO: [Deblu..][epoch:127, iter: 268,000, lr:(1.813e-05,)] [eta: 9:34:53, time (data): 0.585 (0.004)] l_pix: 4.1927e-04 
2024-01-08 01:51:21,580 INFO: Saving models and training states.
2024-01-08 01:53:32,654 INFO: Validation ValSet,		 # psnr: 31.5210
2024-01-08 02:03:31,590 INFO: [Deblu..][epoch:127, iter: 269,000, lr:(1.709e-05,)] [eta: 9:16:15, time (data): 0.594 (0.004)] l_pix: 1.0621e-03 
2024-01-08 02:13:25,054 INFO: [Deblu..][epoch:128, iter: 270,000, lr:(1.609e-05,)] [eta: 8:57:25, time (data): 0.600 (0.005)] l_pix: 4.0556e-04 
2024-01-08 02:23:18,544 INFO: [Deblu..][epoch:128, iter: 271,000, lr:(1.511e-05,)] [eta: 8:38:38, time (data): 0.584 (0.003)] l_pix: 8.2858e-04 
2024-01-08 02:33:11,599 INFO: [Deblu..][epoch:129, iter: 272,000, lr:(1.417e-05,)] [eta: 8:19:56, time (data): 0.594 (0.003)] l_pix: 3.3657e-04 
2024-01-08 02:33:11,601 INFO: Saving models and training states.
2024-01-08 02:35:22,225 INFO: Validation ValSet,		 # psnr: 31.5415
2024-01-08 02:45:11,695 INFO: [Deblu..][epoch:129, iter: 273,000, lr:(1.326e-05,)] [eta: 8:01:30, time (data): 0.587 (0.005)] l_pix: 9.4905e-04 
2024-01-08 02:55:05,925 INFO: [Deblu..][epoch:130, iter: 274,000, lr:(1.238e-05,)] [eta: 7:42:55, time (data): 0.585 (0.004)] l_pix: 9.0692e-04 
2024-01-08 03:04:58,573 INFO: [Deblu..][epoch:130, iter: 275,000, lr:(1.153e-05,)] [eta: 7:24:23, time (data): 0.583 (0.003)] l_pix: 2.5464e-04 
2024-01-08 03:14:54,781 INFO: [Deblu..][epoch:131, iter: 276,000, lr:(1.072e-05,)] [eta: 7:05:56, time (data): 0.593 (0.004)] l_pix: 1.7265e-04 
2024-01-08 03:14:54,785 INFO: Saving models and training states.
2024-01-08 03:17:08,225 INFO: Validation ValSet,		 # psnr: 31.5438
2024-01-08 03:17:08,237 INFO: 
 Updating Patch_Size to 384 and Batch_Size to 1 

2024-01-08 03:30:14,743 INFO: [Deblu..][epoch:131, iter: 277,000, lr:(9.931e-06,)] [eta: 6:47:59, time (data): 0.763 (0.003)] l_pix: 1.1782e-03 
2024-01-08 03:43:08,807 INFO: [Deblu..][epoch:132, iter: 278,000, lr:(9.178e-06,)] [eta: 6:29:51, time (data): 0.767 (0.003)] l_pix: 2.5223e-04 
2024-01-08 03:56:01,942 INFO: [Deblu..][epoch:132, iter: 279,000, lr:(8.458e-06,)] [eta: 6:11:46, time (data): 0.764 (0.003)] l_pix: 1.6583e-03 
2024-01-08 04:08:54,308 INFO: [Deblu..][epoch:133, iter: 280,000, lr:(7.770e-06,)] [eta: 5:53:43, time (data): 0.762 (0.003)] l_pix: 1.5582e-03 
2024-01-08 04:08:54,309 INFO: Saving models and training states.
2024-01-08 04:11:05,062 INFO: Validation ValSet,		 # psnr: 31.5366
2024-01-08 04:23:51,538 INFO: [Deblu..][epoch:133, iter: 281,000, lr:(7.114e-06,)] [eta: 5:35:51, time (data): 0.766 (0.003)] l_pix: 9.2689e-05 
2024-01-08 04:36:39,797 INFO: [Deblu..][epoch:134, iter: 282,000, lr:(6.492e-06,)] [eta: 5:17:52, time (data): 0.765 (0.003)] l_pix: 4.1936e-04 
2024-01-08 04:49:26,907 INFO: [Deblu..][epoch:134, iter: 283,000, lr:(5.902e-06,)] [eta: 4:59:54, time (data): 0.765 (0.003)] l_pix: 1.6587e-04 
2024-01-08 05:02:15,798 INFO: [Deblu..][epoch:135, iter: 284,000, lr:(5.345e-06,)] [eta: 4:41:59, time (data): 0.765 (0.003)] l_pix: 1.1422e-03 
2024-01-08 05:02:15,800 INFO: Saving models and training states.
2024-01-08 05:04:30,463 INFO: Validation ValSet,		 # psnr: 31.5553
2024-01-08 05:17:21,597 INFO: [Deblu..][epoch:135, iter: 285,000, lr:(4.821e-06,)] [eta: 4:24:14, time (data): 0.765 (0.003)] l_pix: 2.5387e-03 
2024-01-08 05:30:08,855 INFO: [Deblu..][epoch:135, iter: 286,000, lr:(4.330e-06,)] [eta: 4:06:23, time (data): 0.771 (0.004)] l_pix: 1.1575e-03 
2024-01-08 05:42:57,059 INFO: [Deblu..][epoch:136, iter: 287,000, lr:(3.873e-06,)] [eta: 3:48:34, time (data): 0.762 (0.003)] l_pix: 1.4428e-03 
2024-01-08 05:55:43,742 INFO: [Deblu..][epoch:136, iter: 288,000, lr:(3.449e-06,)] [eta: 3:30:47, time (data): 0.763 (0.003)] l_pix: 5.8936e-04 
2024-01-08 05:55:43,743 INFO: Saving models and training states.
2024-01-08 05:57:53,921 INFO: Validation ValSet,		 # psnr: 31.5643
2024-01-08 06:10:41,363 INFO: [Deblu..][epoch:137, iter: 289,000, lr:(3.059e-06,)] [eta: 3:13:07, time (data): 0.765 (0.003)] l_pix: 1.1596e-03 
2024-01-08 06:23:29,042 INFO: [Deblu..][epoch:137, iter: 290,000, lr:(2.702e-06,)] [eta: 2:55:23, time (data): 0.772 (0.003)] l_pix: 5.8715e-04 
2024-01-08 06:36:20,955 INFO: [Deblu..][epoch:138, iter: 291,000, lr:(2.379e-06,)] [eta: 2:37:42, time (data): 0.768 (0.004)] l_pix: 2.0942e-04 
2024-01-08 06:49:12,006 INFO: [Deblu..][epoch:138, iter: 292,000, lr:(2.090e-06,)] [eta: 2:20:03, time (data): 0.782 (0.005)] l_pix: 3.5329e-04 
2024-01-08 06:49:12,008 INFO: Saving models and training states.
2024-01-08 06:51:23,230 INFO: Validation ValSet,		 # psnr: 31.5702
2024-01-08 07:04:18,914 INFO: [Deblu..][epoch:139, iter: 293,000, lr:(1.835e-06,)] [eta: 2:02:29, time (data): 0.779 (0.005)] l_pix: 1.6743e-04 
2024-01-08 07:17:15,760 INFO: [Deblu..][epoch:139, iter: 294,000, lr:(1.614e-06,)] [eta: 1:44:53, time (data): 0.768 (0.003)] l_pix: 1.3293e-03 
2024-01-08 07:30:10,416 INFO: [Deblu..][epoch:140, iter: 295,000, lr:(1.426e-06,)] [eta: 1:27:20, time (data): 0.782 (0.005)] l_pix: 2.9936e-04 
2024-01-08 07:43:03,323 INFO: [Deblu..][epoch:140, iter: 296,000, lr:(1.273e-06,)] [eta: 1:09:48, time (data): 0.768 (0.004)] l_pix: 1.1920e-03 
2024-01-08 07:43:03,326 INFO: Saving models and training states.
2024-01-08 07:45:13,988 INFO: Validation ValSet,		 # psnr: 31.5736
2024-01-08 07:58:07,024 INFO: [Deblu..][epoch:141, iter: 297,000, lr:(1.154e-06,)] [eta: 0:52:19, time (data): 0.766 (0.004)] l_pix: 1.1682e-04 
2024-01-08 08:11:02,307 INFO: [Deblu..][epoch:141, iter: 298,000, lr:(1.068e-06,)] [eta: 0:34:50, time (data): 0.775 (0.003)] l_pix: 1.3247e-03 
2024-01-08 08:23:56,380 INFO: [Deblu..][epoch:142, iter: 299,000, lr:(1.017e-06,)] [eta: 0:17:23, time (data): 0.772 (0.006)] l_pix: 4.2972e-04 
2024-01-08 08:36:50,116 INFO: [Deblu..][epoch:142, iter: 300,000, lr:(1.000e-06,)] [eta: -1 day, 23:59:59, time (data): 0.767 (0.005)] l_pix: 1.7272e-04 
2024-01-08 08:36:50,117 INFO: Saving models and training states.
2024-01-08 08:39:00,238 INFO: Validation ValSet,		 # psnr: 31.5770
2024-01-08 08:39:00,246 INFO: End of training. Time consumed: 3 days, 15:02:32
2024-01-08 08:39:00,246 INFO: Save the latest model.
2024-01-08 08:41:10,396 INFO: Validation ValSet,		 # psnr: 31.5770
Runtime: 1704699677
============================= JOB FEEDBACK =============================
Job ID: 2201528
Array Job ID: 2201460_0
Cluster: helix
User/Group: ma_sagnihot/ma_ma
State: COMPLETED (exit code 0)
Nodes: 1
Cores per node: 16
CPU Utilized: 3-02:52:13
CPU Efficiency: 5.37% of 58-01:22:24 core-walltime
Job Wall-clock time: 3-15:05:09
Memory Utilized: 3.49 GB
Memory Efficiency: 3.49% of 100.00 GB
